<?xml version="1.0" encoding="UTF-8"?>
<testng-results skipped="2" failed="0" total="3" passed="1">
  <reporter-output>
    <line>
      <![CDATA[[ Reported ] PASS	MyDesk_C1_020 from Row number 8 -> Test Started]]>
    </line>
    <line>
      <![CDATA[[ Reported ] INFO	Test Description:   

8)Verify agent is able to select Enrollment option as Not now under Talk safe and verifyÂ  interaction history is updated for Account holder]]>
    </line>
    <line>
      <![CDATA[[ Reported ] INFO	Test Case Running on Desktop Mode:]]>
    </line>
    <line>
      <![CDATA[[ Reported ] PASS	UserIdentifier text box is found and raja.rajan is entered]]>
    </line>
    <line>
      <![CDATA[[ Reported ] PASS	Password text box is found and welcome is entered]]>
    </line>
    <line>
      <![CDATA[[ Reported ] PASS	Log In is found and Clicked]]>
    </line>
    <line>
      <![CDATA[[ Reported ] PASS	http://10.180.37.104:9080/prweb/PRServlet/Y4nUJyO-5wk%5B*/!STANDARD? has been navigated]]>
    </line>
    <line>
      <![CDATA[[ Reported ] PASS	Switched to new window]]>
    </line>
    <line>
      <![CDATA[[ Reported ] INFO	14/03/2017 01:37:15 :------ Home Page ------ ]]>
    </line>
    <line>
      <![CDATA[[ Reported ] PASS	New Interaction Button is found and Clicked]]>
    </line>
    <line>
      <![CDATA[[ Reported ] PASS	Switched to Frame: Search]]>
    </line>
    <line>
      <![CDATA[[ Reported ] INFO	14/03/2017 01:37:23 :------ Identify Customer Page ------ ]]>
    </line>
    <line>
      <![CDATA[[ Reported ] PASS	PhoneNumber Search Button is found and Clicked]]>
    </line>
    <line>
      <![CDATA[[ Reported ] PASS	PhoneNumber TextBox text box is found and 02034902675 is entered]]>
    </line>
    <line>
      <![CDATA[[ Reported ] PASS	Search Button is found and Clicked]]>
    </line>
    <line>
      <![CDATA[[ Reported ] INFO	14/03/2017 01:37:36 :------ Verify Caller Page ------ ]]>
    </line>
    <line>
      <![CDATA[[ Reported ] PASS	ID&V Status - IDENTIFIED is found]]>
    </line>
    <line>
      <![CDATA[[ Reported ] PASS	Additional Question 1 been Checked is found and Clicked]]>
    </line>
    <line>
      <![CDATA[[ Reported ] PASS	Additional Question 2 been Checked is found and Clicked]]>
    </line>
    <line>
      <![CDATA[[ Reported ] INFO	14/03/2017 01:37:42 :------ After Additional Question been checked ------ ]]>
    </line>
    <line>
      <![CDATA[[ Reported ] INFO	14/03/2017 01:37:43 :------ Before Submission ------ ]]>
    </line>
    <line>
      <![CDATA[[ Reported ] PASS	Submit Button is found and Clicked]]>
    </line>
    <line>
      <![CDATA[[ Reported ] INFO	14/03/2017 01:37:51 :------ Summary Page ------ ]]>
    </line>
    <line>
      <![CDATA[[ Reported ] PASS	Switched to Default Content]]>
    </line>
    <line>
      <![CDATA[[ Reported ] PASS	Caller Name - (Account Holder) is found]]>
    </line>
    <line>
      <![CDATA[[ Reported ] PASS	ID&V Status - VERIFIED is found]]>
    </line>
    <line>
      <![CDATA[[ Reported ] PASS	Switched to Frame: Search]]>
    </line>
    <line>
      <![CDATA[[ Reported ] PASS	Add Case button is found]]>
    </line>
    <line>
      <![CDATA[[ Reported ] PASS	Hovered over Add Case button]]>
    </line>
    <line>
      <![CDATA[[ Reported ] PASS	Case Category - TalkSafe is found and Clicked]]>
    </line>
    <line>
      <![CDATA[[ Reported ] INFO	14/03/2017 01:38:05 :------ Add Case Panel ------ ]]>
    </line>
    <line>
      <![CDATA[[ Reported ] INFO	14/03/2017 01:38:06 :------ Add case  ------ ]]>
    </line>
    <line>
      <![CDATA[[ Reported ] PASS	Add cases is found and Clicked]]>
    </line>
    <line>
      <![CDATA[[ Reported ] PASS	Switched to Default Content]]>
    </line>
    <line>
      <![CDATA[[ Reported ] PASS	Switched to Frame: Create]]>
    </line>
    <line>
      <![CDATA[[ Reported ] PASS	TalkSafe page got loaded successfully]]>
    </line>
    <line>
      <![CDATA[[ Reported ] FAIL	14/03/2017 01:38:27 :AccountType is not found]]>
    </line>
    <line>
      <![CDATA[[ Reported ] FAIL	14/03/2017 01:38:28 :Enrollment Options Updated for different Account Type Account Holder]]>
    </line>
    <line>
      <![CDATA[[ Reported ] PASS	Enrollment Option : Not Now is found]]>
    </line>
    <line>
      <![CDATA[[ Reported ] PASS	Enrollment Option : Not Now is found and Clicked]]>
    </line>
    <line>
      <![CDATA[[ Reported ] INFO	14/03/2017 01:38:33 :------ Before Submission ------ ]]>
    </line>
    <line>
      <![CDATA[[ Reported ] PASS	Submit Button is found and Clicked]]>
    </line>
    <line>
      <![CDATA[[ Reported ] PASS	Switched to Default Content]]>
    </line>
    <line>
      <![CDATA[[ Reported ] PASS	Switched to Frame: Search]]>
    </line>
    <line>
      <![CDATA[[ Reported ] FAIL	Wrap Up is not found]]>
    </line>
    <line>
      <![CDATA[[ Reported ] PASS	MyDesk_C1_020 from Row number 8 -> Test Started]]>
    </line>
    <line>
      <![CDATA[[ Reported ] INFO	Test Description:   

8)Verify agent is able to select Enrollment option as Not now under Talk safe and verifyÂ  interaction history is updated for Account holder]]>
    </line>
    <line>
      <![CDATA[[ Reported ] INFO	Test Case Running on Desktop Mode:]]>
    </line>
    <line>
      <![CDATA[[ Reported ] PASS	UserIdentifier text box is found and raja.rajan is entered]]>
    </line>
    <line>
      <![CDATA[[ Reported ] PASS	Password text box is found and welcome is entered]]>
    </line>
    <line>
      <![CDATA[[ Reported ] PASS	Log In is found and Clicked]]>
    </line>
    <line>
      <![CDATA[[ Reported ] PASS	http://10.180.37.104:9080/prweb/PRServlet/Y4nUJyO-5wk%5B*/!STANDARD? has been navigated]]>
    </line>
    <line>
      <![CDATA[[ Reported ] PASS	Switched to new window]]>
    </line>
    <line>
      <![CDATA[[ Reported ] INFO	14/03/2017 01:39:59 :------ Home Page ------ ]]>
    </line>
    <line>
      <![CDATA[[ Reported ] PASS	New Interaction Button is found and Clicked]]>
    </line>
    <line>
      <![CDATA[[ Reported ] PASS	Switched to Frame: Search]]>
    </line>
    <line>
      <![CDATA[[ Reported ] INFO	14/03/2017 01:40:06 :------ Identify Customer Page ------ ]]>
    </line>
    <line>
      <![CDATA[[ Reported ] PASS	PhoneNumber Search Button is found and Clicked]]>
    </line>
    <line>
      <![CDATA[[ Reported ] PASS	PhoneNumber TextBox text box is found and 02035839304 is entered]]>
    </line>
    <line>
      <![CDATA[[ Reported ] PASS	Search Button is found and Clicked]]>
    </line>
    <line>
      <![CDATA[[ Reported ] INFO	14/03/2017 01:40:25 :------ Verify Caller Page ------ ]]>
    </line>
    <line>
      <![CDATA[[ Reported ] PASS	ID&V Status - IDENTIFIED is found]]>
    </line>
    <line>
      <![CDATA[[ Reported ] PASS	Additional Question 1 been Checked is found and Clicked]]>
    </line>
    <line>
      <![CDATA[[ Reported ] PASS	Additional Question 2 been Checked is found and Clicked]]>
    </line>
    <line>
      <![CDATA[[ Reported ] PASS	Additional Question 3 been Checked is found and Clicked]]>
    </line>
    <line>
      <![CDATA[[ Reported ] INFO	14/03/2017 01:40:34 :------ After Additional Question been checked ------ ]]>
    </line>
    <line>
      <![CDATA[[ Reported ] INFO	14/03/2017 01:40:35 :------ Before Submission ------ ]]>
    </line>
    <line>
      <![CDATA[[ Reported ] PASS	Submit Button is found and Clicked]]>
    </line>
    <line>
      <![CDATA[[ Reported ] INFO	14/03/2017 01:40:43 :------ Summary Page ------ ]]>
    </line>
    <line>
      <![CDATA[[ Reported ] PASS	Switched to Default Content]]>
    </line>
    <line>
      <![CDATA[[ Reported ] PASS	Caller Name - (Account Holder) is found]]>
    </line>
    <line>
      <![CDATA[[ Reported ] PASS	ID&V Status - VERIFIED is found]]>
    </line>
    <line>
      <![CDATA[[ Reported ] PASS	Switched to Frame: Search]]>
    </line>
    <line>
      <![CDATA[[ Reported ] PASS	Add Case button is found]]>
    </line>
    <line>
      <![CDATA[[ Reported ] PASS	Hovered over Add Case button]]>
    </line>
    <line>
      <![CDATA[[ Reported ] PASS	Add Case button is found]]>
    </line>
    <line>
      <![CDATA[[ Reported ] PASS	Hovered over Add Case button]]>
    </line>
    <line>
      <![CDATA[[ Reported ] PASS	Case Category - TalkSafe is found and Clicked]]>
    </line>
    <line>
      <![CDATA[[ Reported ] INFO	14/03/2017 01:41:00 :------ Add Case Panel ------ ]]>
    </line>
    <line>
      <![CDATA[[ Reported ] INFO	14/03/2017 01:41:02 :------ Add case  ------ ]]>
    </line>
    <line>
      <![CDATA[[ Reported ] PASS	Add cases is found and Clicked]]>
    </line>
    <line>
      <![CDATA[[ Reported ] PASS	Switched to Default Content]]>
    </line>
    <line>
      <![CDATA[[ Reported ] PASS	Switched to Frame: Create]]>
    </line>
    <line>
      <![CDATA[[ Reported ] PASS	TalkSafe page got loaded successfully]]>
    </line>
    <line>
      <![CDATA[[ Reported ] FAIL	14/03/2017 01:41:20 :AccountType is not found]]>
    </line>
    <line>
      <![CDATA[[ Reported ] FAIL	14/03/2017 01:41:22 :Enrollment Options Updated for different Account Type Account Holder]]>
    </line>
    <line>
      <![CDATA[[ Reported ] PASS	Enrollment Option : Not Now is found]]>
    </line>
    <line>
      <![CDATA[[ Reported ] PASS	Enrollment Option : Not Now is found and Clicked]]>
    </line>
    <line>
      <![CDATA[[ Reported ] INFO	14/03/2017 01:41:27 :------ Before Submission ------ ]]>
    </line>
    <line>
      <![CDATA[[ Reported ] PASS	Submit Button is found and Clicked]]>
    </line>
    <line>
      <![CDATA[[ Reported ] PASS	Switched to Default Content]]>
    </line>
    <line>
      <![CDATA[[ Reported ] PASS	Switched to Frame: Search]]>
    </line>
    <line>
      <![CDATA[[ Reported ] FAIL	Wrap Up link is not found]]>
    </line>
    <line>
      <![CDATA[[ Reported ] PASS	MyDesk_C1_020 from Row number 8 -> Test Started]]>
    </line>
    <line>
      <![CDATA[[ Reported ] INFO	Test Description:   

8)Verify agent is able to select Enrollment option as Not now under Talk safe and verifyÂ  interaction history is updated for Account holder]]>
    </line>
    <line>
      <![CDATA[[ Reported ] INFO	Test Case Running on Desktop Mode:]]>
    </line>
    <line>
      <![CDATA[[ Reported ] PASS	UserIdentifier text box is found and raja.rajan is entered]]>
    </line>
    <line>
      <![CDATA[[ Reported ] PASS	Password text box is found and welcome is entered]]>
    </line>
    <line>
      <![CDATA[[ Reported ] PASS	Log In is found and Clicked]]>
    </line>
    <line>
      <![CDATA[[ Reported ] PASS	http://10.180.37.104:9080/prweb/PRServlet/27Ne4jELjBKiMg19rDy62w%5B%5B*/!STANDARD?pzPostData=-555996679 has been navigated]]>
    </line>
    <line>
      <![CDATA[[ Reported ] PASS	Switched to new window]]>
    </line>
    <line>
      <![CDATA[[ Reported ] INFO	14/03/2017 01:42:36 :------ Home Page ------ ]]>
    </line>
    <line>
      <![CDATA[[ Reported ] PASS	New Interaction Button is found and Clicked]]>
    </line>
    <line>
      <![CDATA[[ Reported ] PASS	Switched to Frame: Search]]>
    </line>
    <line>
      <![CDATA[[ Reported ] INFO	14/03/2017 01:42:41 :------ Identify Customer Page ------ ]]>
    </line>
    <line>
      <![CDATA[[ Reported ] PASS	PhoneNumber Search Button is found and Clicked]]>
    </line>
    <line>
      <![CDATA[[ Reported ] PASS	PhoneNumber TextBox text box is found and 02035839304 is entered]]>
    </line>
    <line>
      <![CDATA[[ Reported ] PASS	Search Button is found and Clicked]]>
    </line>
    <line>
      <![CDATA[[ Reported ] INFO	14/03/2017 01:42:54 :------ Verify Caller Page ------ ]]>
    </line>
    <line>
      <![CDATA[[ Reported ] PASS	ID&V Status - IDENTIFIED is found]]>
    </line>
    <line>
      <![CDATA[[ Reported ] PASS	Additional Question 1 been Checked is found and Clicked]]>
    </line>
    <line>
      <![CDATA[[ Reported ] PASS	Additional Question 2 been Checked is found and Clicked]]>
    </line>
    <line>
      <![CDATA[[ Reported ] PASS	Additional Question 3 been Checked is found and Clicked]]>
    </line>
    <line>
      <![CDATA[[ Reported ] INFO	14/03/2017 01:43:04 :------ After Additional Question been checked ------ ]]>
    </line>
    <line>
      <![CDATA[[ Reported ] INFO	14/03/2017 01:43:05 :------ Before Submission ------ ]]>
    </line>
    <line>
      <![CDATA[[ Reported ] PASS	Submit Button is found and Clicked]]>
    </line>
    <line>
      <![CDATA[[ Reported ] INFO	14/03/2017 01:43:12 :------ Summary Page ------ ]]>
    </line>
    <line>
      <![CDATA[[ Reported ] PASS	Switched to Default Content]]>
    </line>
    <line>
      <![CDATA[[ Reported ] PASS	Caller Name - (Account Holder) is found]]>
    </line>
    <line>
      <![CDATA[[ Reported ] PASS	ID&V Status - VERIFIED is found]]>
    </line>
    <line>
      <![CDATA[[ Reported ] PASS	Switched to Frame: Search]]>
    </line>
    <line>
      <![CDATA[[ Reported ] PASS	Add Case button is found]]>
    </line>
    <line>
      <![CDATA[[ Reported ] PASS	Hovered over Add Case button]]>
    </line>
    <line>
      <![CDATA[[ Reported ] PASS	Case Category - TalkSafe is found and Clicked]]>
    </line>
    <line>
      <![CDATA[[ Reported ] INFO	14/03/2017 01:43:25 :------ Add Case Panel ------ ]]>
    </line>
    <line>
      <![CDATA[[ Reported ] INFO	14/03/2017 01:43:26 :------ Add case  ------ ]]>
    </line>
    <line>
      <![CDATA[[ Reported ] PASS	Add cases is found and Clicked]]>
    </line>
    <line>
      <![CDATA[[ Reported ] PASS	Switched to Default Content]]>
    </line>
    <line>
      <![CDATA[[ Reported ] PASS	Switched to Frame: Create]]>
    </line>
    <line>
      <![CDATA[[ Reported ] PASS	TalkSafe page got loaded successfully]]>
    </line>
    <line>
      <![CDATA[[ Reported ] FAIL	14/03/2017 01:43:43 :AccountType is not found]]>
    </line>
    <line>
      <![CDATA[[ Reported ] FAIL	14/03/2017 01:43:45 :Enrollment Options Updated for different Account Type Account Holder]]>
    </line>
    <line>
      <![CDATA[[ Reported ] PASS	Enrollment Option : Not Now is found]]>
    </line>
    <line>
      <![CDATA[[ Reported ] PASS	Enrollment Option : Not Now is found and Clicked]]>
    </line>
    <line>
      <![CDATA[[ Reported ] INFO	14/03/2017 01:43:51 :------ Before Submission ------ ]]>
    </line>
    <line>
      <![CDATA[[ Reported ] PASS	Submit Button is found and Clicked]]>
    </line>
    <line>
      <![CDATA[[ Reported ] PASS	Switched to Default Content]]>
    </line>
    <line>
      <![CDATA[[ Reported ] PASS	Switched to Frame: Search]]>
    </line>
    <line>
      <![CDATA[[ Reported ] PASS	Wrap Up is found and Clicked]]>
    </line>
    <line>
      <![CDATA[[ Reported ] PASS	Wrap Up Comment Box text box is found and Wrapped up is entered]]>
    </line>
    <line>
      <![CDATA[[ Reported ] INFO	14/03/2017 01:44:12 :------ Before Submission ------ ]]>
    </line>
    <line>
      <![CDATA[[ Reported ] PASS	Submit Button is found and Clicked]]>
    </line>
    <line>
      <![CDATA[[ Reported ] PASS	Interaction history with Not Now for CLI 02035839304]]>
    </line>
    <line>
      <![CDATA[[ Reported ] PASS	Switched to Default Content]]>
    </line>
    <line>
      <![CDATA[[ Reported ] PASS	User is found and Clicked]]>
    </line>
    <line>
      <![CDATA[[ Reported ] PASS	Logout is found and Clicked]]>
    </line>
    <line>
      <![CDATA[[ Reported ] PASS	Logout button is found and clicked.]]>
    </line>
    <line>
      <![CDATA[[ Reported ] PASS	Test Passed]]>
    </line>
  </reporter-output>
  <suite name="AUTOMATION Suite" duration-ms="503250" started-at="2017-03-14T08:06:08Z" finished-at="2017-03-14T08:14:31Z">
    <groups>
      <group name="SalesRegression">
        <method signature="MyDesk_C1_020.MyDesk_C1_020_Method(java.lang.String, java.lang.String)[pri:0, instance:com.TestSuite.BVT.MyDesk_C1_020@1443d8f]" name="MyDesk_C1_020_Method" class="com.TestSuite.BVT.MyDesk_C1_020"/>
      </group> <!-- SalesRegression -->
    </groups>
    <test name="AUTOMATION" duration-ms="503250" started-at="2017-03-14T08:06:08Z" finished-at="2017-03-14T08:14:31Z">
      <class name="com.TestSuite.BVT.MyDesk_C1_020">
        <test-method status="PASS" signature="setupBeforeSuite(org.testng.ITestContext)[pri:0, instance:com.TestSuite.BVT.MyDesk_C1_020@1443d8f]" name="setupBeforeSuite" is-config="true" duration-ms="48" started-at="2017-03-14T13:36:08Z" finished-at="2017-03-14T13:36:08Z">
          <params>
            <param index="0">
              <value>
                <![CDATA[org.testng.TestRunner@1551a94]]>
              </value>
            </param>
          </params>
          <reporter-output>
          </reporter-output>
        </test-method> <!-- setupBeforeSuite -->
        <test-method status="PASS" signature="InitializeExtentReports()[pri:0, instance:com.TestSuite.BVT.MyDesk_C1_020@1443d8f]" name="InitializeExtentReports" is-config="true" duration-ms="468" started-at="2017-03-14T13:36:08Z" finished-at="2017-03-14T13:36:09Z">
          <reporter-output>
          </reporter-output>
        </test-method> <!-- InitializeExtentReports -->
        <test-method status="SKIP" signature="MyDesk_C1_020_Method(java.lang.String, java.lang.String)[pri:0, instance:com.TestSuite.BVT.MyDesk_C1_020@1443d8f]" name="MyDesk_C1_020_Method" duration-ms="167362" started-at="2017-03-14T13:36:09Z" data-provider="MyDesk_C1_020" finished-at="2017-03-14T13:38:56Z">
          <params>
            <param index="0">
              <value>
                <![CDATA[MyDesk_C1_020QWERTYTest Description:   

8)Verify agent is able to select Enrollment option as Not now under Talk safe and verify  interaction history is updated for Account holder]]>
              </value>
            </param>
            <param index="1">
              <value>
                <![CDATA[8]]>
              </value>
            </param>
          </params>
          <exception class="java.lang.AssertionError">
            <message>
              <![CDATA[null script failed, Wrap Up - null.jpg for more details.]]>
            </message>
            <full-stacktrace>
              <![CDATA[java.lang.AssertionError: null script failed, Wrap Up - null.jpg for more details.
	at org.testng.Assert.fail(Assert.java:94)
	at com.Engine.Reporter.exception(Reporter.java:107)
	at com.WebActions.WebActions.VerifyElementPresentAndClick(WebActions.java:858)
	at com.BusinessModules.MyDesk.Common_Functions.click_on_Wrap_up_button(Common_Functions.java:608)
	at com.TestSuite.BVT.MyDesk_C1_020.MyDesk_C1_020_Method(MyDesk_C1_020.java:148)
	at sun.reflect.NativeMethodAccessorImpl.invoke0(Native Method)
	at sun.reflect.NativeMethodAccessorImpl.invoke(Unknown Source)
	at sun.reflect.DelegatingMethodAccessorImpl.invoke(Unknown Source)
	at java.lang.reflect.Method.invoke(Unknown Source)
	at org.testng.internal.MethodInvocationHelper.invokeMethod(MethodInvocationHelper.java:85)
	at org.testng.internal.Invoker.invokeMethod(Invoker.java:639)
	at org.testng.internal.Invoker.invokeTestMethod(Invoker.java:816)
	at org.testng.internal.Invoker.invokeTestMethods(Invoker.java:1124)
	at org.testng.internal.TestMethodWorker.invokeTestMethods(TestMethodWorker.java:125)
	at org.testng.internal.TestMethodWorker.run(TestMethodWorker.java:108)
	at java.util.concurrent.ThreadPoolExecutor.runWorker(Unknown Source)
	at java.util.concurrent.ThreadPoolExecutor$Worker.run(Unknown Source)
	at java.lang.Thread.run(Unknown Source)
]]>
            </full-stacktrace>
          </exception> <!-- java.lang.AssertionError -->
          <reporter-output>
            <line>
              <![CDATA[[ Reported ] PASS	MyDesk_C1_020 from Row number 8 -> Test Started]]>
            </line>
            <line>
              <![CDATA[[ Reported ] INFO	Test Description:   

8)Verify agent is able to select Enrollment option as Not now under Talk safe and verifyÂ  interaction history is updated for Account holder]]>
            </line>
            <line>
              <![CDATA[[ Reported ] INFO	Test Case Running on Desktop Mode:]]>
            </line>
            <line>
              <![CDATA[[ Reported ] PASS	UserIdentifier text box is found and raja.rajan is entered]]>
            </line>
            <line>
              <![CDATA[[ Reported ] PASS	Password text box is found and welcome is entered]]>
            </line>
            <line>
              <![CDATA[[ Reported ] PASS	Log In is found and Clicked]]>
            </line>
            <line>
              <![CDATA[[ Reported ] PASS	http://10.180.37.104:9080/prweb/PRServlet/Y4nUJyO-5wk%5B*/!STANDARD? has been navigated]]>
            </line>
            <line>
              <![CDATA[[ Reported ] PASS	Switched to new window]]>
            </line>
            <line>
              <![CDATA[[ Reported ] INFO	14/03/2017 01:37:15 :------ Home Page ------ ]]>
            </line>
            <line>
              <![CDATA[[ Reported ] PASS	New Interaction Button is found and Clicked]]>
            </line>
            <line>
              <![CDATA[[ Reported ] PASS	Switched to Frame: Search]]>
            </line>
            <line>
              <![CDATA[[ Reported ] INFO	14/03/2017 01:37:23 :------ Identify Customer Page ------ ]]>
            </line>
            <line>
              <![CDATA[[ Reported ] PASS	PhoneNumber Search Button is found and Clicked]]>
            </line>
            <line>
              <![CDATA[[ Reported ] PASS	PhoneNumber TextBox text box is found and 02034902675 is entered]]>
            </line>
            <line>
              <![CDATA[[ Reported ] PASS	Search Button is found and Clicked]]>
            </line>
            <line>
              <![CDATA[[ Reported ] INFO	14/03/2017 01:37:36 :------ Verify Caller Page ------ ]]>
            </line>
            <line>
              <![CDATA[[ Reported ] PASS	ID&V Status - IDENTIFIED is found]]>
            </line>
            <line>
              <![CDATA[[ Reported ] PASS	Additional Question 1 been Checked is found and Clicked]]>
            </line>
            <line>
              <![CDATA[[ Reported ] PASS	Additional Question 2 been Checked is found and Clicked]]>
            </line>
            <line>
              <![CDATA[[ Reported ] INFO	14/03/2017 01:37:42 :------ After Additional Question been checked ------ ]]>
            </line>
            <line>
              <![CDATA[[ Reported ] INFO	14/03/2017 01:37:43 :------ Before Submission ------ ]]>
            </line>
            <line>
              <![CDATA[[ Reported ] PASS	Submit Button is found and Clicked]]>
            </line>
            <line>
              <![CDATA[[ Reported ] INFO	14/03/2017 01:37:51 :------ Summary Page ------ ]]>
            </line>
            <line>
              <![CDATA[[ Reported ] PASS	Switched to Default Content]]>
            </line>
            <line>
              <![CDATA[[ Reported ] PASS	Caller Name - (Account Holder) is found]]>
            </line>
            <line>
              <![CDATA[[ Reported ] PASS	ID&V Status - VERIFIED is found]]>
            </line>
            <line>
              <![CDATA[[ Reported ] PASS	Switched to Frame: Search]]>
            </line>
            <line>
              <![CDATA[[ Reported ] PASS	Add Case button is found]]>
            </line>
            <line>
              <![CDATA[[ Reported ] PASS	Hovered over Add Case button]]>
            </line>
            <line>
              <![CDATA[[ Reported ] PASS	Case Category - TalkSafe is found and Clicked]]>
            </line>
            <line>
              <![CDATA[[ Reported ] INFO	14/03/2017 01:38:05 :------ Add Case Panel ------ ]]>
            </line>
            <line>
              <![CDATA[[ Reported ] INFO	14/03/2017 01:38:06 :------ Add case  ------ ]]>
            </line>
            <line>
              <![CDATA[[ Reported ] PASS	Add cases is found and Clicked]]>
            </line>
            <line>
              <![CDATA[[ Reported ] PASS	Switched to Default Content]]>
            </line>
            <line>
              <![CDATA[[ Reported ] PASS	Switched to Frame: Create]]>
            </line>
            <line>
              <![CDATA[[ Reported ] PASS	TalkSafe page got loaded successfully]]>
            </line>
            <line>
              <![CDATA[[ Reported ] FAIL	14/03/2017 01:38:27 :AccountType is not found]]>
            </line>
            <line>
              <![CDATA[[ Reported ] FAIL	14/03/2017 01:38:28 :Enrollment Options Updated for different Account Type Account Holder]]>
            </line>
            <line>
              <![CDATA[[ Reported ] PASS	Enrollment Option : Not Now is found]]>
            </line>
            <line>
              <![CDATA[[ Reported ] PASS	Enrollment Option : Not Now is found and Clicked]]>
            </line>
            <line>
              <![CDATA[[ Reported ] INFO	14/03/2017 01:38:33 :------ Before Submission ------ ]]>
            </line>
            <line>
              <![CDATA[[ Reported ] PASS	Submit Button is found and Clicked]]>
            </line>
            <line>
              <![CDATA[[ Reported ] PASS	Switched to Default Content]]>
            </line>
            <line>
              <![CDATA[[ Reported ] PASS	Switched to Frame: Search]]>
            </line>
            <line>
              <![CDATA[[ Reported ] FAIL	Wrap Up is not found]]>
            </line>
          </reporter-output>
        </test-method> <!-- MyDesk_C1_020_Method -->
        <test-method status="PASS" signature="setUp()[pri:0, instance:com.TestSuite.BVT.MyDesk_C1_020@1443d8f]" name="setUp" is-config="true" duration-ms="0" started-at="2017-03-14T13:36:09Z" finished-at="2017-03-14T13:36:09Z">
          <reporter-output>
          </reporter-output>
        </test-method> <!-- setUp -->
        <test-method status="PASS" signature="clearRuntimeData(org.testng.ITestResult)[pri:0, instance:com.TestSuite.BVT.MyDesk_C1_020@1443d8f]" name="clearRuntimeData" is-config="true" duration-ms="8581" started-at="2017-03-14T13:38:56Z" finished-at="2017-03-14T13:39:05Z">
          <params>
            <param index="0">
              <value>
                <![CDATA[[TestResult name=MyDesk_C1_020_Method status=SKIP method=MyDesk_C1_020.MyDesk_C1_020_Method(java.lang.String, java.lang.String)[pri:0, instance:com.TestSuite.BVT.MyDesk_C1_020@1443d8f] output=[ Reported ] PASS	MyDesk_C1_020 from Row number 8 -> Test Started]]]>
              </value>
            </param>
          </params>
          <reporter-output>
          </reporter-output>
        </test-method> <!-- clearRuntimeData -->
        <test-method status="PASS" signature="InitializeExtentReports()[pri:0, instance:com.TestSuite.BVT.MyDesk_C1_020@1443d8f]" name="InitializeExtentReports" is-config="true" duration-ms="31" started-at="2017-03-14T13:39:05Z" finished-at="2017-03-14T13:39:05Z">
          <reporter-output>
          </reporter-output>
        </test-method> <!-- InitializeExtentReports -->
        <test-method status="PASS" signature="setUp()[pri:0, instance:com.TestSuite.BVT.MyDesk_C1_020@1443d8f]" name="setUp" is-config="true" duration-ms="0" started-at="2017-03-14T13:39:05Z" finished-at="2017-03-14T13:39:05Z">
          <reporter-output>
          </reporter-output>
        </test-method> <!-- setUp -->
        <test-method status="SKIP" signature="MyDesk_C1_020_Method(java.lang.String, java.lang.String)[pri:0, instance:com.TestSuite.BVT.MyDesk_C1_020@1443d8f]" name="MyDesk_C1_020_Method" duration-ms="158445" started-at="2017-03-14T13:39:05Z" data-provider="MyDesk_C1_020" finished-at="2017-03-14T13:41:43Z">
          <params>
            <param index="0">
              <value>
                <![CDATA[MyDesk_C1_020QWERTYTest Description:   

8)Verify agent is able to select Enrollment option as Not now under Talk safe and verify  interaction history is updated for Account holder]]>
              </value>
            </param>
            <param index="1">
              <value>
                <![CDATA[8]]>
              </value>
            </param>
          </params>
          <exception class="java.lang.AssertionError">
            <message>
              <![CDATA[null script failed, Wrap Up - null.jpg for more details.]]>
            </message>
            <full-stacktrace>
              <![CDATA[java.lang.AssertionError: null script failed, Wrap Up - null.jpg for more details.
	at org.testng.Assert.fail(Assert.java:94)
	at com.Engine.Reporter.exception(Reporter.java:107)
	at com.WebActions.WebActions.VerifyElementPresentAndClick(WebActions.java:904)
	at com.BusinessModules.MyDesk.Common_Functions.click_on_Wrap_up_button(Common_Functions.java:608)
	at com.TestSuite.BVT.MyDesk_C1_020.MyDesk_C1_020_Method(MyDesk_C1_020.java:148)
	at sun.reflect.NativeMethodAccessorImpl.invoke0(Native Method)
	at sun.reflect.NativeMethodAccessorImpl.invoke(Unknown Source)
	at sun.reflect.DelegatingMethodAccessorImpl.invoke(Unknown Source)
	at java.lang.reflect.Method.invoke(Unknown Source)
	at org.testng.internal.MethodInvocationHelper.invokeMethod(MethodInvocationHelper.java:85)
	at org.testng.internal.Invoker.invokeMethod(Invoker.java:639)
	at org.testng.internal.Invoker.retryFailed(Invoker.java:963)
	at org.testng.internal.Invoker.invokeTestMethods(Invoker.java:1142)
	at org.testng.internal.TestMethodWorker.invokeTestMethods(TestMethodWorker.java:125)
	at org.testng.internal.TestMethodWorker.run(TestMethodWorker.java:108)
	at java.util.concurrent.ThreadPoolExecutor.runWorker(Unknown Source)
	at java.util.concurrent.ThreadPoolExecutor$Worker.run(Unknown Source)
	at java.lang.Thread.run(Unknown Source)
]]>
            </full-stacktrace>
          </exception> <!-- java.lang.AssertionError -->
          <reporter-output>
            <line>
              <![CDATA[[ Reported ] PASS	MyDesk_C1_020 from Row number 8 -> Test Started]]>
            </line>
            <line>
              <![CDATA[[ Reported ] INFO	Test Description:   

8)Verify agent is able to select Enrollment option as Not now under Talk safe and verifyÂ  interaction history is updated for Account holder]]>
            </line>
            <line>
              <![CDATA[[ Reported ] INFO	Test Case Running on Desktop Mode:]]>
            </line>
            <line>
              <![CDATA[[ Reported ] PASS	UserIdentifier text box is found and raja.rajan is entered]]>
            </line>
            <line>
              <![CDATA[[ Reported ] PASS	Password text box is found and welcome is entered]]>
            </line>
            <line>
              <![CDATA[[ Reported ] PASS	Log In is found and Clicked]]>
            </line>
            <line>
              <![CDATA[[ Reported ] PASS	http://10.180.37.104:9080/prweb/PRServlet/Y4nUJyO-5wk%5B*/!STANDARD? has been navigated]]>
            </line>
            <line>
              <![CDATA[[ Reported ] PASS	Switched to new window]]>
            </line>
            <line>
              <![CDATA[[ Reported ] INFO	14/03/2017 01:39:59 :------ Home Page ------ ]]>
            </line>
            <line>
              <![CDATA[[ Reported ] PASS	New Interaction Button is found and Clicked]]>
            </line>
            <line>
              <![CDATA[[ Reported ] PASS	Switched to Frame: Search]]>
            </line>
            <line>
              <![CDATA[[ Reported ] INFO	14/03/2017 01:40:06 :------ Identify Customer Page ------ ]]>
            </line>
            <line>
              <![CDATA[[ Reported ] PASS	PhoneNumber Search Button is found and Clicked]]>
            </line>
            <line>
              <![CDATA[[ Reported ] PASS	PhoneNumber TextBox text box is found and 02035839304 is entered]]>
            </line>
            <line>
              <![CDATA[[ Reported ] PASS	Search Button is found and Clicked]]>
            </line>
            <line>
              <![CDATA[[ Reported ] INFO	14/03/2017 01:40:25 :------ Verify Caller Page ------ ]]>
            </line>
            <line>
              <![CDATA[[ Reported ] PASS	ID&V Status - IDENTIFIED is found]]>
            </line>
            <line>
              <![CDATA[[ Reported ] PASS	Additional Question 1 been Checked is found and Clicked]]>
            </line>
            <line>
              <![CDATA[[ Reported ] PASS	Additional Question 2 been Checked is found and Clicked]]>
            </line>
            <line>
              <![CDATA[[ Reported ] PASS	Additional Question 3 been Checked is found and Clicked]]>
            </line>
            <line>
              <![CDATA[[ Reported ] INFO	14/03/2017 01:40:34 :------ After Additional Question been checked ------ ]]>
            </line>
            <line>
              <![CDATA[[ Reported ] INFO	14/03/2017 01:40:35 :------ Before Submission ------ ]]>
            </line>
            <line>
              <![CDATA[[ Reported ] PASS	Submit Button is found and Clicked]]>
            </line>
            <line>
              <![CDATA[[ Reported ] INFO	14/03/2017 01:40:43 :------ Summary Page ------ ]]>
            </line>
            <line>
              <![CDATA[[ Reported ] PASS	Switched to Default Content]]>
            </line>
            <line>
              <![CDATA[[ Reported ] PASS	Caller Name - (Account Holder) is found]]>
            </line>
            <line>
              <![CDATA[[ Reported ] PASS	ID&V Status - VERIFIED is found]]>
            </line>
            <line>
              <![CDATA[[ Reported ] PASS	Switched to Frame: Search]]>
            </line>
            <line>
              <![CDATA[[ Reported ] PASS	Add Case button is found]]>
            </line>
            <line>
              <![CDATA[[ Reported ] PASS	Hovered over Add Case button]]>
            </line>
            <line>
              <![CDATA[[ Reported ] PASS	Add Case button is found]]>
            </line>
            <line>
              <![CDATA[[ Reported ] PASS	Hovered over Add Case button]]>
            </line>
            <line>
              <![CDATA[[ Reported ] PASS	Case Category - TalkSafe is found and Clicked]]>
            </line>
            <line>
              <![CDATA[[ Reported ] INFO	14/03/2017 01:41:00 :------ Add Case Panel ------ ]]>
            </line>
            <line>
              <![CDATA[[ Reported ] INFO	14/03/2017 01:41:02 :------ Add case  ------ ]]>
            </line>
            <line>
              <![CDATA[[ Reported ] PASS	Add cases is found and Clicked]]>
            </line>
            <line>
              <![CDATA[[ Reported ] PASS	Switched to Default Content]]>
            </line>
            <line>
              <![CDATA[[ Reported ] PASS	Switched to Frame: Create]]>
            </line>
            <line>
              <![CDATA[[ Reported ] PASS	TalkSafe page got loaded successfully]]>
            </line>
            <line>
              <![CDATA[[ Reported ] FAIL	14/03/2017 01:41:20 :AccountType is not found]]>
            </line>
            <line>
              <![CDATA[[ Reported ] FAIL	14/03/2017 01:41:22 :Enrollment Options Updated for different Account Type Account Holder]]>
            </line>
            <line>
              <![CDATA[[ Reported ] PASS	Enrollment Option : Not Now is found]]>
            </line>
            <line>
              <![CDATA[[ Reported ] PASS	Enrollment Option : Not Now is found and Clicked]]>
            </line>
            <line>
              <![CDATA[[ Reported ] INFO	14/03/2017 01:41:27 :------ Before Submission ------ ]]>
            </line>
            <line>
              <![CDATA[[ Reported ] PASS	Submit Button is found and Clicked]]>
            </line>
            <line>
              <![CDATA[[ Reported ] PASS	Switched to Default Content]]>
            </line>
            <line>
              <![CDATA[[ Reported ] PASS	Switched to Frame: Search]]>
            </line>
            <line>
              <![CDATA[[ Reported ] FAIL	Wrap Up link is not found]]>
            </line>
          </reporter-output>
        </test-method> <!-- MyDesk_C1_020_Method -->
        <test-method status="PASS" signature="clearRuntimeData(org.testng.ITestResult)[pri:0, instance:com.TestSuite.BVT.MyDesk_C1_020@1443d8f]" name="clearRuntimeData" is-config="true" duration-ms="1690" started-at="2017-03-14T13:41:43Z" finished-at="2017-03-14T13:41:45Z">
          <params>
            <param index="0">
              <value>
                <![CDATA[[TestResult name=MyDesk_C1_020_Method status=SKIP method=MyDesk_C1_020.MyDesk_C1_020_Method(java.lang.String, java.lang.String)[pri:0, instance:com.TestSuite.BVT.MyDesk_C1_020@1443d8f] output=[ Reported ] PASS	MyDesk_C1_020 from Row number 8 -> Test Started]]]>
              </value>
            </param>
          </params>
          <reporter-output>
          </reporter-output>
        </test-method> <!-- clearRuntimeData -->
        <test-method status="PASS" signature="InitializeExtentReports()[pri:0, instance:com.TestSuite.BVT.MyDesk_C1_020@1443d8f]" name="InitializeExtentReports" is-config="true" duration-ms="7" started-at="2017-03-14T13:41:45Z" finished-at="2017-03-14T13:41:45Z">
          <reporter-output>
          </reporter-output>
        </test-method> <!-- InitializeExtentReports -->
        <test-method status="PASS" signature="MyDesk_C1_020_Method(java.lang.String, java.lang.String)[pri:0, instance:com.TestSuite.BVT.MyDesk_C1_020@1443d8f]" name="MyDesk_C1_020_Method" duration-ms="164328" started-at="2017-03-14T13:41:45Z" data-provider="MyDesk_C1_020" finished-at="2017-03-14T13:44:30Z">
          <params>
            <param index="0">
              <value>
                <![CDATA[MyDesk_C1_020QWERTYTest Description:   

8)Verify agent is able to select Enrollment option as Not now under Talk safe and verify  interaction history is updated for Account holder]]>
              </value>
            </param>
            <param index="1">
              <value>
                <![CDATA[8]]>
              </value>
            </param>
          </params>
          <reporter-output>
            <line>
              <![CDATA[[ Reported ] PASS	MyDesk_C1_020 from Row number 8 -> Test Started]]>
            </line>
            <line>
              <![CDATA[[ Reported ] INFO	Test Description:   

8)Verify agent is able to select Enrollment option as Not now under Talk safe and verifyÂ  interaction history is updated for Account holder]]>
            </line>
            <line>
              <![CDATA[[ Reported ] INFO	Test Case Running on Desktop Mode:]]>
            </line>
            <line>
              <![CDATA[[ Reported ] PASS	UserIdentifier text box is found and raja.rajan is entered]]>
            </line>
            <line>
              <![CDATA[[ Reported ] PASS	Password text box is found and welcome is entered]]>
            </line>
            <line>
              <![CDATA[[ Reported ] PASS	Log In is found and Clicked]]>
            </line>
            <line>
              <![CDATA[[ Reported ] PASS	http://10.180.37.104:9080/prweb/PRServlet/27Ne4jELjBKiMg19rDy62w%5B%5B*/!STANDARD?pzPostData=-555996679 has been navigated]]>
            </line>
            <line>
              <![CDATA[[ Reported ] PASS	Switched to new window]]>
            </line>
            <line>
              <![CDATA[[ Reported ] INFO	14/03/2017 01:42:36 :------ Home Page ------ ]]>
            </line>
            <line>
              <![CDATA[[ Reported ] PASS	New Interaction Button is found and Clicked]]>
            </line>
            <line>
              <![CDATA[[ Reported ] PASS	Switched to Frame: Search]]>
            </line>
            <line>
              <![CDATA[[ Reported ] INFO	14/03/2017 01:42:41 :------ Identify Customer Page ------ ]]>
            </line>
            <line>
              <![CDATA[[ Reported ] PASS	PhoneNumber Search Button is found and Clicked]]>
            </line>
            <line>
              <![CDATA[[ Reported ] PASS	PhoneNumber TextBox text box is found and 02035839304 is entered]]>
            </line>
            <line>
              <![CDATA[[ Reported ] PASS	Search Button is found and Clicked]]>
            </line>
            <line>
              <![CDATA[[ Reported ] INFO	14/03/2017 01:42:54 :------ Verify Caller Page ------ ]]>
            </line>
            <line>
              <![CDATA[[ Reported ] PASS	ID&V Status - IDENTIFIED is found]]>
            </line>
            <line>
              <![CDATA[[ Reported ] PASS	Additional Question 1 been Checked is found and Clicked]]>
            </line>
            <line>
              <![CDATA[[ Reported ] PASS	Additional Question 2 been Checked is found and Clicked]]>
            </line>
            <line>
              <![CDATA[[ Reported ] PASS	Additional Question 3 been Checked is found and Clicked]]>
            </line>
            <line>
              <![CDATA[[ Reported ] INFO	14/03/2017 01:43:04 :------ After Additional Question been checked ------ ]]>
            </line>
            <line>
              <![CDATA[[ Reported ] INFO	14/03/2017 01:43:05 :------ Before Submission ------ ]]>
            </line>
            <line>
              <![CDATA[[ Reported ] PASS	Submit Button is found and Clicked]]>
            </line>
            <line>
              <![CDATA[[ Reported ] INFO	14/03/2017 01:43:12 :------ Summary Page ------ ]]>
            </line>
            <line>
              <![CDATA[[ Reported ] PASS	Switched to Default Content]]>
            </line>
            <line>
              <![CDATA[[ Reported ] PASS	Caller Name - (Account Holder) is found]]>
            </line>
            <line>
              <![CDATA[[ Reported ] PASS	ID&V Status - VERIFIED is found]]>
            </line>
            <line>
              <![CDATA[[ Reported ] PASS	Switched to Frame: Search]]>
            </line>
            <line>
              <![CDATA[[ Reported ] PASS	Add Case button is found]]>
            </line>
            <line>
              <![CDATA[[ Reported ] PASS	Hovered over Add Case button]]>
            </line>
            <line>
              <![CDATA[[ Reported ] PASS	Case Category - TalkSafe is found and Clicked]]>
            </line>
            <line>
              <![CDATA[[ Reported ] INFO	14/03/2017 01:43:25 :------ Add Case Panel ------ ]]>
            </line>
            <line>
              <![CDATA[[ Reported ] INFO	14/03/2017 01:43:26 :------ Add case  ------ ]]>
            </line>
            <line>
              <![CDATA[[ Reported ] PASS	Add cases is found and Clicked]]>
            </line>
            <line>
              <![CDATA[[ Reported ] PASS	Switched to Default Content]]>
            </line>
            <line>
              <![CDATA[[ Reported ] PASS	Switched to Frame: Create]]>
            </line>
            <line>
              <![CDATA[[ Reported ] PASS	TalkSafe page got loaded successfully]]>
            </line>
            <line>
              <![CDATA[[ Reported ] FAIL	14/03/2017 01:43:43 :AccountType is not found]]>
            </line>
            <line>
              <![CDATA[[ Reported ] FAIL	14/03/2017 01:43:45 :Enrollment Options Updated for different Account Type Account Holder]]>
            </line>
            <line>
              <![CDATA[[ Reported ] PASS	Enrollment Option : Not Now is found]]>
            </line>
            <line>
              <![CDATA[[ Reported ] PASS	Enrollment Option : Not Now is found and Clicked]]>
            </line>
            <line>
              <![CDATA[[ Reported ] INFO	14/03/2017 01:43:51 :------ Before Submission ------ ]]>
            </line>
            <line>
              <![CDATA[[ Reported ] PASS	Submit Button is found and Clicked]]>
            </line>
            <line>
              <![CDATA[[ Reported ] PASS	Switched to Default Content]]>
            </line>
            <line>
              <![CDATA[[ Reported ] PASS	Switched to Frame: Search]]>
            </line>
            <line>
              <![CDATA[[ Reported ] PASS	Wrap Up is found and Clicked]]>
            </line>
            <line>
              <![CDATA[[ Reported ] PASS	Wrap Up Comment Box text box is found and Wrapped up is entered]]>
            </line>
            <line>
              <![CDATA[[ Reported ] INFO	14/03/2017 01:44:12 :------ Before Submission ------ ]]>
            </line>
            <line>
              <![CDATA[[ Reported ] PASS	Submit Button is found and Clicked]]>
            </line>
            <line>
              <![CDATA[[ Reported ] PASS	Interaction history with Not Now for CLI 02035839304]]>
            </line>
            <line>
              <![CDATA[[ Reported ] PASS	Switched to Default Content]]>
            </line>
            <line>
              <![CDATA[[ Reported ] PASS	User is found and Clicked]]>
            </line>
            <line>
              <![CDATA[[ Reported ] PASS	Logout is found and Clicked]]>
            </line>
            <line>
              <![CDATA[[ Reported ] PASS	Logout button is found and clicked.]]>
            </line>
          </reporter-output>
        </test-method> <!-- MyDesk_C1_020_Method -->
        <test-method status="PASS" signature="setUp()[pri:0, instance:com.TestSuite.BVT.MyDesk_C1_020@1443d8f]" name="setUp" is-config="true" duration-ms="0" started-at="2017-03-14T13:41:45Z" finished-at="2017-03-14T13:41:45Z">
          <reporter-output>
          </reporter-output>
        </test-method> <!-- setUp -->
        <test-method status="PASS" signature="clearRuntimeData(org.testng.ITestResult)[pri:0, instance:com.TestSuite.BVT.MyDesk_C1_020@1443d8f]" name="clearRuntimeData" is-config="true" duration-ms="776" started-at="2017-03-14T13:44:30Z" finished-at="2017-03-14T13:44:30Z">
          <params>
            <param index="0">
              <value>
                <![CDATA[[TestResult name=MyDesk_C1_020_Method status=SUCCESS method=MyDesk_C1_020.MyDesk_C1_020_Method(java.lang.String, java.lang.String)[pri:0, instance:com.TestSuite.BVT.MyDesk_C1_020@1443d8f] output=[ Reported ] PASS	MyDesk_C1_020 from Row number 8 -> Test Started]]]>
              </value>
            </param>
          </params>
          <reporter-output>
            <line>
              <![CDATA[[ Reported ] PASS	Test Passed]]>
            </line>
          </reporter-output>
        </test-method> <!-- clearRuntimeData -->
        <test-method status="PASS" signature="tearDown()[pri:0, instance:com.TestSuite.BVT.MyDesk_C1_020@1443d8f]" name="tearDown" is-config="true" duration-ms="416" started-at="2017-03-14T13:44:31Z" finished-at="2017-03-14T13:44:31Z">
          <reporter-output>
          </reporter-output>
        </test-method> <!-- tearDown -->
      </class> <!-- com.TestSuite.BVT.MyDesk_C1_020 -->
    </test> <!-- AUTOMATION -->
  </suite> <!-- AUTOMATION Suite -->
</testng-results>
