<?xml version="1.0" encoding="UTF-8"?>
<testng-results skipped="10" failed="5" total="16" passed="1">
  <reporter-output>
    <line>
      <![CDATA[[ Reported ] PASS	MyDesk_C1_014 from Row number 9 -> Test Started]]>
    </line>
    <line>
      <![CDATA[[ Reported ] INFO	Test Description:   

9)Verify wrap up option  when a case is opened - Should not allow to Wrap Up ]]>
    </line>
    <line>
      <![CDATA[[ Reported ] INFO	Test Case Running on Desktop Mode:]]>
    </line>
    <line>
      <![CDATA[[ Reported ] PASS	UserIdentifier text box is found and raja.rajan is entered]]>
    </line>
    <line>
      <![CDATA[[ Reported ] PASS	Password text box is found and welcome is entered]]>
    </line>
    <line>
      <![CDATA[[ Reported ] PASS	Log In is found and Clicked]]>
    </line>
    <line>
      <![CDATA[[ Reported ] PASS	http://10.180.37.104:9080/prweb/PRServlet/27Ne4jELjBKiMg19rDy62w%5B%5B*/!STANDARD?pzPostData=-785036573 has been navigated]]>
    </line>
    <line>
      <![CDATA[[ Reported ] PASS	Switched to new window]]>
    </line>
    <line>
      <![CDATA[[ Reported ] INFO	09/03/2017 05:56:20 :------ Home Page ------ ]]>
    </line>
    <line>
      <![CDATA[[ Reported ] PASS	New Interaction Button is found and Clicked]]>
    </line>
    <line>
      <![CDATA[[ Reported ] PASS	Switched to Frame: Search]]>
    </line>
    <line>
      <![CDATA[[ Reported ] INFO	09/03/2017 05:56:26 :------ Identify Customer Page ------ ]]>
    </line>
    <line>
      <![CDATA[[ Reported ] PASS	Customer Information Bar - Caller Name label  is found]]>
    </line>
    <line>
      <![CDATA[[ Reported ] PASS	Customer Information Bar - ID&V Status label  is found]]>
    </line>
    <line>
      <![CDATA[[ Reported ] PASS	Customer Information Bar - Call Reason label  is found]]>
    </line>
    <line>
      <![CDATA[[ Reported ] PASS	Customer Information Bar - Phone Number label  is found]]>
    </line>
    <line>
      <![CDATA[[ Reported ] PASS	Customer Information Bar - Package label  is found]]>
    </line>
    <line>
      <![CDATA[[ Reported ] PASS	Customer Information Bar - Account Number label  is found]]>
    </line>
    <line>
      <![CDATA[[ Reported ] PASS	Customer Information Bar - Monthly Spend label  is found]]>
    </line>
    <line>
      <![CDATA[[ Reported ] PASS	Customer Information Bar - Total Call Length label  is found]]>
    </line>
    <line>
      <![CDATA[[ Reported ] PASS	Customer Information Bar - My Call Length label  is found]]>
    </line>
    <line>
      <![CDATA[[ Reported ] PASS	Customer Information Bar - Total Transfers label  is found]]>
    </line>
    <line>
      <![CDATA[[ Reported ] PASS	Customer Information Bar - Hold Time label  is found]]>
    </line>
    <line>
      <![CDATA[[ Reported ] PASS	Customer Information bar details Shown]]>
    </line>
    <line>
      <![CDATA[[ Reported ] PASS	PhoneNumber Search Button is found and Clicked]]>
    </line>
    <line>
      <![CDATA[[ Reported ] PASS	PhoneNumber TextBox text box is found and 01709710391 is entered]]>
    </line>
    <line>
      <![CDATA[[ Reported ] PASS	Search Button is found and Clicked]]>
    </line>
    <line>
      <![CDATA[[ Reported ] INFO	09/03/2017 05:56:47 :------ Verify Caller Page ------ ]]>
    </line>
    <line>
      <![CDATA[[ Reported ] PASS	ID&V Status - IDENTIFIED is found]]>
    </line>
    <line>
      <![CDATA[[ Reported ] PASS	Additional Question 1 been Checked is found and Clicked]]>
    </line>
    <line>
      <![CDATA[[ Reported ] PASS	Additional Question 2 been Checked is found and Clicked]]>
    </line>
    <line>
      <![CDATA[[ Reported ] INFO	09/03/2017 05:56:52 :------ After Additional Question been checked ------ ]]>
    </line>
    <line>
      <![CDATA[[ Reported ] INFO	09/03/2017 05:56:52 :------ Before Submission ------ ]]>
    </line>
    <line>
      <![CDATA[[ Reported ] PASS	Submit Button is found and Clicked]]>
    </line>
    <line>
      <![CDATA[[ Reported ] INFO	09/03/2017 05:57:00 :------ Summary Page ------ ]]>
    </line>
    <line>
      <![CDATA[[ Reported ] PASS	Switched to Default Content]]>
    </line>
    <line>
      <![CDATA[[ Reported ] PASS	Caller Name - (Account Holder) is found]]>
    </line>
    <line>
      <![CDATA[[ Reported ] PASS	ID&V Status - VERIFIED is found]]>
    </line>
    <line>
      <![CDATA[[ Reported ] PASS	Switched to Frame: Search]]>
    </line>
    <line>
      <![CDATA[[ Reported ] PASS	Add Case button is found]]>
    </line>
    <line>
      <![CDATA[[ Reported ] PASS	Hovered over Add Case button]]>
    </line>
    <line>
      <![CDATA[[ Reported ] PASS	Case Category - Payment is found and Clicked]]>
    </line>
    <line>
      <![CDATA[[ Reported ] INFO	09/03/2017 05:57:11 :------ Add Case Panel ------ ]]>
    </line>
    <line>
      <![CDATA[[ Reported ] INFO	09/03/2017 05:57:11 :------ Add case  ------ ]]>
    </line>
    <line>
      <![CDATA[[ Reported ] PASS	Add cases is found and Clicked]]>
    </line>
    <line>
      <![CDATA[[ Reported ] PASS	Switched to Default Content]]>
    </line>
    <line>
      <![CDATA[[ Reported ] PASS	Switched to Frame: Create]]>
    </line>
    <line>
      <![CDATA[[ Reported ] PASS	Payment page got loaded successfully]]>
    </line>
    <line>
      <![CDATA[[ Reported ] PASS	Switched to Default Content]]>
    </line>
    <line>
      <![CDATA[[ Reported ] PASS	Switched to Frame: Create]]>
    </line>
    <line>
      <![CDATA[[ Reported ] PASS	Wrap Up is found and Clicked]]>
    </line>
    <line>
      <![CDATA[[ Reported ] PASS	Switched to Default Content]]>
    </line>
    <line>
      <![CDATA[[ Reported ] PASS	Switched to Frame: Create]]>
    </line>
    <line>
      <![CDATA[[ Reported ] INFO	09/03/2017 05:57:25 :------ Before clicking other action button ------ ]]>
    </line>
    <line>
      <![CDATA[[ Reported ] PASS	Other Actions is found and Clicked]]>
    </line>
    <line>
      <![CDATA[[ Reported ] PASS	Other Actions is found and Clicked]]>
    </line>
    <line>
      <![CDATA[[ Reported ] INFO	09/03/2017 05:57:54 :------ Before clicking other action button ------ ]]>
    </line>
    <line>
      <![CDATA[[ Reported ] PASS	Other Actions is found and Clicked]]>
    </line>
    <line>
      <![CDATA[[ Reported ] PASS	Exit_Interation_Comments text box is found and Cancelling task in Summary page is entered]]>
    </line>
    <line>
      <![CDATA[[ Reported ] INFO	09/03/2017 05:58:08 :------ Before Submission ------ ]]>
    </line>
    <line>
      <![CDATA[[ Reported ] PASS	Submit Button is found and Clicked]]>
    </line>
    <line>
      <![CDATA[[ Reported ] INFO	09/03/2017 05:58:11 :------ Before Submission ------ ]]>
    </line>
    <line>
      <![CDATA[[ Reported ] INFO	09/03/2017 05:58:16 :------ Before Clicking confirm button ------ ]]>
    </line>
    <line>
      <![CDATA[[ Reported ] PASS	Confirm Button is found and Clicked]]>
    </line>
    <line>
      <![CDATA[[ Reported ] PASS	Switched to Default Content]]>
    </line>
    <line>
      <![CDATA[[ Reported ] PASS	Switched to Frame: Search]]>
    </line>
    <line>
      <![CDATA[[ Reported ] PASS	Wrap Up is found and Clicked]]>
    </line>
    <line>
      <![CDATA[[ Reported ] PASS	Wrap Up Comment Box text box is found and Wrapped up is entered]]>
    </line>
    <line>
      <![CDATA[[ Reported ] INFO	09/03/2017 05:58:31 :------ Before Submission ------ ]]>
    </line>
    <line>
      <![CDATA[[ Reported ] PASS	Submit Button is found and Clicked]]>
    </line>
    <line>
      <![CDATA[[ Reported ] PASS	Switched to Default Content]]>
    </line>
    <line>
      <![CDATA[[ Reported ] PASS	User is found and Clicked]]>
    </line>
    <line>
      <![CDATA[[ Reported ] PASS	Logout is found and Clicked]]>
    </line>
    <line>
      <![CDATA[[ Reported ] PASS	Logout button is found and clicked.]]>
    </line>
    <line>
      <![CDATA[[ Reported ] PASS	Test Passed]]>
    </line>
    <line>
      <![CDATA[[ Reported ] PASS	MyDesk_C1_018 from Row number 13 -> Test Started]]>
    </line>
    <line>
      <![CDATA[[ Reported ] INFO	Test Description:   

13)Verify SMS selection is available under Marketing Preference & Preferred contact method of customer tab
27)Verify marketing preferences and  preferred contact methods is displayed as read only in the customer tab]]>
    </line>
    <line>
      <![CDATA[[ Reported ] INFO	Test Case Running on Desktop Mode:]]>
    </line>
    <line>
      <![CDATA[[ Reported ] PASS	MyDesk_C1_018 from Row number 13 -> Test Started]]>
    </line>
    <line>
      <![CDATA[[ Reported ] INFO	Test Description:   

13)Verify SMS selection is available under Marketing Preference & Preferred contact method of customer tab
27)Verify marketing preferences and  preferred contact methods is displayed as read only in the customer tab]]>
    </line>
    <line>
      <![CDATA[[ Reported ] INFO	Test Case Running on Desktop Mode:]]>
    </line>
    <line>
      <![CDATA[[ Reported ] PASS	MyDesk_C1_018 from Row number 13 -> Test Started]]>
    </line>
    <line>
      <![CDATA[[ Reported ] INFO	Test Description:   

13)Verify SMS selection is available under Marketing Preference & Preferred contact method of customer tab
27)Verify marketing preferences and  preferred contact methods is displayed as read only in the customer tab]]>
    </line>
    <line>
      <![CDATA[[ Reported ] INFO	Test Case Running on Desktop Mode:]]>
    </line>
    <line>
      <![CDATA[[ Reported ] FAIL	Test Failed]]>
    </line>
    <line>
      <![CDATA[[ Reported ] PASS	MyDesk_C1_019 from Row number 14 -> Test Started]]>
    </line>
    <line>
      <![CDATA[[ Reported ] INFO	Test Description:   

14)Verify agent is able to select Enrollment option as Not now under Talk safe and verifyÂ  interaction history is updated for  NominatedÂ user.]]>
    </line>
    <line>
      <![CDATA[[ Reported ] INFO	Test Case Running on Desktop Mode:]]>
    </line>
    <line>
      <![CDATA[[ Reported ] PASS	UserIdentifier text box is found and raja.rajan is entered]]>
    </line>
    <line>
      <![CDATA[[ Reported ] PASS	Password text box is found and welcome is entered]]>
    </line>
    <line>
      <![CDATA[[ Reported ] PASS	Log In is found and Clicked]]>
    </line>
    <line>
      <![CDATA[[ Reported ] PASS	http://10.180.37.104:9080/prweb/PRServlet/27Ne4jELjBKiMg19rDy62w%5B%5B*/!STANDARD?pzPostData=922755740 has been navigated]]>
    </line>
    <line>
      <![CDATA[[ Reported ] PASS	Switched to new window]]>
    </line>
    <line>
      <![CDATA[[ Reported ] INFO	09/03/2017 06:00:30 :------ Home Page ------ ]]>
    </line>
    <line>
      <![CDATA[[ Reported ] PASS	New Interaction Button is found and Clicked]]>
    </line>
    <line>
      <![CDATA[[ Reported ] PASS	Switched to Frame: Search]]>
    </line>
    <line>
      <![CDATA[[ Reported ] INFO	09/03/2017 06:00:39 :------ Identify Customer Page ------ ]]>
    </line>
    <line>
      <![CDATA[[ Reported ] PASS	PhoneNumber Search Button is found and Clicked]]>
    </line>
    <line>
      <![CDATA[[ Reported ] PASS	PhoneNumber TextBox text box is found and 01656720836 is entered]]>
    </line>
    <line>
      <![CDATA[[ Reported ] PASS	Search Button is found and Clicked]]>
    </line>
    <line>
      <![CDATA[[ Reported ] INFO	09/03/2017 06:00:55 :------ Verify Caller Page ------ ]]>
    </line>
    <line>
      <![CDATA[[ Reported ] PASS	Caller Identification - Nominated User/ Power of Attorney is found and Clicked]]>
    </line>
    <line>
      <![CDATA[[ Reported ] PASS	MyDesk_C1_019 from Row number 14 -> Test Started]]>
    </line>
    <line>
      <![CDATA[[ Reported ] INFO	Test Description:   

14)Verify agent is able to select Enrollment option as Not now under Talk safe and verifyÂ  interaction history is updated for  NominatedÂ user.]]>
    </line>
    <line>
      <![CDATA[[ Reported ] INFO	Test Case Running on Desktop Mode:]]>
    </line>
    <line>
      <![CDATA[[ Reported ] PASS	UserIdentifier text box is found and raja.rajan is entered]]>
    </line>
    <line>
      <![CDATA[[ Reported ] PASS	Password text box is found and welcome is entered]]>
    </line>
    <line>
      <![CDATA[[ Reported ] PASS	Log In is found and Clicked]]>
    </line>
    <line>
      <![CDATA[[ Reported ] PASS	http://10.180.37.104:9080/prweb/PRServlet/27Ne4jELjBKiMg19rDy62w%5B%5B*/!STANDARD?pzPostData=1829299072 has been navigated]]>
    </line>
    <line>
      <![CDATA[[ Reported ] PASS	Switched to new window]]>
    </line>
    <line>
      <![CDATA[[ Reported ] INFO	09/03/2017 06:01:31 :------ Home Page ------ ]]>
    </line>
    <line>
      <![CDATA[[ Reported ] PASS	New Interaction Button is found and Clicked]]>
    </line>
    <line>
      <![CDATA[[ Reported ] PASS	Switched to Frame: Search]]>
    </line>
    <line>
      <![CDATA[[ Reported ] INFO	09/03/2017 06:01:36 :------ Identify Customer Page ------ ]]>
    </line>
    <line>
      <![CDATA[[ Reported ] PASS	PhoneNumber Search Button is found and Clicked]]>
    </line>
    <line>
      <![CDATA[[ Reported ] PASS	PhoneNumber TextBox text box is found and 01132704782 is entered]]>
    </line>
    <line>
      <![CDATA[[ Reported ] PASS	Search Button is found and Clicked]]>
    </line>
    <line>
      <![CDATA[[ Reported ] FAIL	09/03/2017 06:02:01 :Verify Caller Page is not Loaded]]>
    </line>
    <line>
      <![CDATA[[ Reported ] PASS	MyDesk_C1_019 from Row number 14 -> Test Started]]>
    </line>
    <line>
      <![CDATA[[ Reported ] INFO	Test Description:   

14)Verify agent is able to select Enrollment option as Not now under Talk safe and verifyÂ  interaction history is updated for  NominatedÂ user.]]>
    </line>
    <line>
      <![CDATA[[ Reported ] INFO	Test Case Running on Desktop Mode:]]>
    </line>
    <line>
      <![CDATA[[ Reported ] PASS	UserIdentifier text box is found and raja.rajan is entered]]>
    </line>
    <line>
      <![CDATA[[ Reported ] PASS	Password text box is found and welcome is entered]]>
    </line>
    <line>
      <![CDATA[[ Reported ] PASS	Log In is found and Clicked]]>
    </line>
    <line>
      <![CDATA[[ Reported ] PASS	http://10.180.37.104:9080/prweb/PRServlet/27Ne4jELjBKiMg19rDy62w%5B%5B*/!STANDARD?pzPostData=1428106035 has been navigated]]>
    </line>
    <line>
      <![CDATA[[ Reported ] PASS	Switched to new window]]>
    </line>
    <line>
      <![CDATA[[ Reported ] INFO	09/03/2017 06:02:27 :------ Home Page ------ ]]>
    </line>
    <line>
      <![CDATA[[ Reported ] PASS	New Interaction Button is found and Clicked]]>
    </line>
    <line>
      <![CDATA[[ Reported ] PASS	Switched to Frame: Search]]>
    </line>
    <line>
      <![CDATA[[ Reported ] INFO	09/03/2017 06:02:32 :------ Identify Customer Page ------ ]]>
    </line>
    <line>
      <![CDATA[[ Reported ] PASS	PhoneNumber Search Button is found and Clicked]]>
    </line>
    <line>
      <![CDATA[[ Reported ] PASS	PhoneNumber TextBox text box is found and 01134503726 is entered]]>
    </line>
    <line>
      <![CDATA[[ Reported ] PASS	Search Button is found and Clicked]]>
    </line>
    <line>
      <![CDATA[[ Reported ] INFO	09/03/2017 06:02:44 :------ Verify Caller Page ------ ]]>
    </line>
    <line>
      <![CDATA[[ Reported ] PASS	Caller Identification - Nominated User/ Power of Attorney is found and Clicked]]>
    </line>
    <line>
      <![CDATA[[ Reported ] PASS	Telephone password CheckBox is found and Clicked]]>
    </line>
    <line>
      <![CDATA[[ Reported ] PASS	TelephonePasswordChecked]]>
    </line>
    <line>
      <![CDATA[[ Reported ] PASS	Additional Question 1 been Checked is found and Clicked]]>
    </line>
    <line>
      <![CDATA[[ Reported ] PASS	Additional Question 2 been Checked is found and Clicked]]>
    </line>
    <line>
      <![CDATA[[ Reported ] INFO	09/03/2017 06:02:54 :------ After Additional Question been checked ------ ]]>
    </line>
    <line>
      <![CDATA[[ Reported ] INFO	09/03/2017 06:02:55 :------ Before Submission ------ ]]>
    </line>
    <line>
      <![CDATA[[ Reported ] PASS	Submit Button is found and Clicked]]>
    </line>
    <line>
      <![CDATA[[ Reported ] PASS	Add Case button is found]]>
    </line>
    <line>
      <![CDATA[[ Reported ] PASS	Hovered over Add Case button]]>
    </line>
    <line>
      <![CDATA[[ Reported ] PASS	Case Category - TalkSafe is found and Clicked]]>
    </line>
    <line>
      <![CDATA[[ Reported ] INFO	09/03/2017 06:03:09 :------ Add Case Panel ------ ]]>
    </line>
    <line>
      <![CDATA[[ Reported ] INFO	09/03/2017 06:03:10 :------ Add case  ------ ]]>
    </line>
    <line>
      <![CDATA[[ Reported ] PASS	Add cases is found and Clicked]]>
    </line>
    <line>
      <![CDATA[[ Reported ] PASS	Switched to Default Content]]>
    </line>
    <line>
      <![CDATA[[ Reported ] PASS	Switched to Frame: Create]]>
    </line>
    <line>
      <![CDATA[[ Reported ] PASS	TalkSafe page got loaded successfully]]>
    </line>
    <line>
      <![CDATA[[ Reported ] FAIL	09/03/2017 06:03:24 :AccountType is not found]]>
    </line>
    <line>
      <![CDATA[[ Reported ] FAIL	09/03/2017 06:03:24 :Enrollment Options Updated for different Account Type Nominated User / POA]]>
    </line>
    <line>
      <![CDATA[[ Reported ] PASS	Enrollment Option : Not Now is found]]>
    </line>
    <line>
      <![CDATA[[ Reported ] PASS	Enrollment Option : Not Now is found and Clicked]]>
    </line>
    <line>
      <![CDATA[[ Reported ] FAIL	Submit Enrollment Option link is not found]]>
    </line>
    <line>
      <![CDATA[[ Reported ] FAIL	Test Failed]]>
    </line>
    <line>
      <![CDATA[[ Reported ] PASS	MyDesk_C1_020 from Row number 15 -> Test Started]]>
    </line>
    <line>
      <![CDATA[[ Reported ] INFO	Test Description:   

15)Verify agent is able to select Enrollment option as Not now under Talk safe and verifyÂ  interaction history is updated for Account holder]]>
    </line>
    <line>
      <![CDATA[[ Reported ] INFO	Test Case Running on Desktop Mode:]]>
    </line>
    <line>
      <![CDATA[[ Reported ] PASS	UserIdentifier text box is found and raja.rajan is entered]]>
    </line>
    <line>
      <![CDATA[[ Reported ] PASS	Password text box is found and welcome is entered]]>
    </line>
    <line>
      <![CDATA[[ Reported ] PASS	Log In is found and Clicked]]>
    </line>
    <line>
      <![CDATA[[ Reported ] PASS	http://10.180.37.104:9080/prweb/PRServlet/27Ne4jELjBKiMg19rDy62w%5B%5B*/!STANDARD?pzPostData=-1634666704 has been navigated]]>
    </line>
    <line>
      <![CDATA[[ Reported ] PASS	Switched to new window]]>
    </line>
    <line>
      <![CDATA[[ Reported ] INFO	09/03/2017 06:04:16 :------ Home Page ------ ]]>
    </line>
    <line>
      <![CDATA[[ Reported ] PASS	New Interaction Button is found and Clicked]]>
    </line>
    <line>
      <![CDATA[[ Reported ] PASS	Switched to Frame: Search]]>
    </line>
    <line>
      <![CDATA[[ Reported ] INFO	09/03/2017 06:04:23 :------ Identify Customer Page ------ ]]>
    </line>
    <line>
      <![CDATA[[ Reported ] PASS	PhoneNumber Search Button is found and Clicked]]>
    </line>
    <line>
      <![CDATA[[ Reported ] PASS	PhoneNumber TextBox text box is found and 02035839304 is entered]]>
    </line>
    <line>
      <![CDATA[[ Reported ] PASS	Search Button is found and Clicked]]>
    </line>
    <line>
      <![CDATA[[ Reported ] INFO	09/03/2017 06:04:36 :------ Verify Caller Page ------ ]]>
    </line>
    <line>
      <![CDATA[[ Reported ] PASS	ID&V Status - IDENTIFIED is found]]>
    </line>
    <line>
      <![CDATA[[ Reported ] PASS	Additional Question 1 been Checked is found and Clicked]]>
    </line>
    <line>
      <![CDATA[[ Reported ] PASS	Additional Question 2 been Checked is found and Clicked]]>
    </line>
    <line>
      <![CDATA[[ Reported ] PASS	Additional Question 3 been Checked is found and Clicked]]>
    </line>
    <line>
      <![CDATA[[ Reported ] INFO	09/03/2017 06:04:42 :------ After Additional Question been checked ------ ]]>
    </line>
    <line>
      <![CDATA[[ Reported ] INFO	09/03/2017 06:04:43 :------ Before Submission ------ ]]>
    </line>
    <line>
      <![CDATA[[ Reported ] PASS	Submit Button is found and Clicked]]>
    </line>
    <line>
      <![CDATA[[ Reported ] INFO	09/03/2017 06:04:49 :------ Summary Page ------ ]]>
    </line>
    <line>
      <![CDATA[[ Reported ] PASS	Switched to Default Content]]>
    </line>
    <line>
      <![CDATA[[ Reported ] PASS	Caller Name - (Account Holder) is found]]>
    </line>
    <line>
      <![CDATA[[ Reported ] PASS	ID&V Status - VERIFIED is found]]>
    </line>
    <line>
      <![CDATA[[ Reported ] PASS	Switched to Frame: Search]]>
    </line>
    <line>
      <![CDATA[[ Reported ] PASS	Add Case button is found]]>
    </line>
    <line>
      <![CDATA[[ Reported ] PASS	Hovered over Add Case button]]>
    </line>
    <line>
      <![CDATA[[ Reported ] PASS	Case Category - TalkSafe is found and Clicked]]>
    </line>
    <line>
      <![CDATA[[ Reported ] INFO	09/03/2017 06:05:03 :------ Add Case Panel ------ ]]>
    </line>
    <line>
      <![CDATA[[ Reported ] INFO	09/03/2017 06:05:03 :------ Add case  ------ ]]>
    </line>
    <line>
      <![CDATA[[ Reported ] PASS	Add cases is found and Clicked]]>
    </line>
    <line>
      <![CDATA[[ Reported ] PASS	Switched to Default Content]]>
    </line>
    <line>
      <![CDATA[[ Reported ] PASS	Switched to Frame: Create]]>
    </line>
    <line>
      <![CDATA[[ Reported ] PASS	TalkSafe page got loaded successfully]]>
    </line>
    <line>
      <![CDATA[[ Reported ] FAIL	09/03/2017 06:05:18 :AccountType is not found]]>
    </line>
    <line>
      <![CDATA[[ Reported ] FAIL	09/03/2017 06:05:18 :Enrollment Options Updated for different Account Type Account Holder]]>
    </line>
    <line>
      <![CDATA[[ Reported ] PASS	Enrollment Option : Enroll is found]]>
    </line>
    <line>
      <![CDATA[[ Reported ] PASS	Enrollment Option : Not Now is found]]>
    </line>
    <line>
      <![CDATA[[ Reported ] PASS	Enrollment Option : Not Now is found and Clicked]]>
    </line>
    <line>
      <![CDATA[[ Reported ] PASS	Enrollment Option : Never is found]]>
    </line>
    <line>
      <![CDATA[[ Reported ] PASS	Enrollment Option : Never is found and Clicked]]>
    </line>
    <line>
      <![CDATA[[ Reported ] FAIL	Submit Enrollment Option link is not found]]>
    </line>
    <line>
      <![CDATA[[ Reported ] PASS	MyDesk_C1_020 from Row number 15 -> Test Started]]>
    </line>
    <line>
      <![CDATA[[ Reported ] INFO	Test Description:   

15)Verify agent is able to select Enrollment option as Not now under Talk safe and verifyÂ  interaction history is updated for Account holder]]>
    </line>
    <line>
      <![CDATA[[ Reported ] INFO	Test Case Running on Desktop Mode:]]>
    </line>
    <line>
      <![CDATA[[ Reported ] PASS	UserIdentifier text box is found and raja.rajan is entered]]>
    </line>
    <line>
      <![CDATA[[ Reported ] PASS	Password text box is found and welcome is entered]]>
    </line>
    <line>
      <![CDATA[[ Reported ] PASS	Log In is found and Clicked]]>
    </line>
    <line>
      <![CDATA[[ Reported ] PASS	http://10.180.37.104:9080/prweb/PRServlet/27Ne4jELjBKiMg19rDy62w%5B%5B*/!STANDARD?pzPostData=-321810576 has been navigated]]>
    </line>
    <line>
      <![CDATA[[ Reported ] PASS	Switched to new window]]>
    </line>
    <line>
      <![CDATA[[ Reported ] INFO	09/03/2017 06:06:08 :------ Home Page ------ ]]>
    </line>
    <line>
      <![CDATA[[ Reported ] PASS	New Interaction Button is found and Clicked]]>
    </line>
    <line>
      <![CDATA[[ Reported ] PASS	Switched to Frame: Search]]>
    </line>
    <line>
      <![CDATA[[ Reported ] INFO	09/03/2017 06:06:13 :------ Identify Customer Page ------ ]]>
    </line>
    <line>
      <![CDATA[[ Reported ] PASS	PhoneNumber Search Button is found and Clicked]]>
    </line>
    <line>
      <![CDATA[[ Reported ] PASS	PhoneNumber TextBox text box is found and 01416479209 is entered]]>
    </line>
    <line>
      <![CDATA[[ Reported ] PASS	Search Button is found and Clicked]]>
    </line>
    <line>
      <![CDATA[[ Reported ] INFO	09/03/2017 06:06:25 :------ Verify Caller Page ------ ]]>
    </line>
    <line>
      <![CDATA[[ Reported ] PASS	ID&V Status - IDENTIFIED is found]]>
    </line>
    <line>
      <![CDATA[[ Reported ] PASS	Additional Question 1 been Checked is found and Clicked]]>
    </line>
    <line>
      <![CDATA[[ Reported ] PASS	Additional Question 2 been Checked is found and Clicked]]>
    </line>
    <line>
      <![CDATA[[ Reported ] INFO	09/03/2017 06:06:30 :------ After Additional Question been checked ------ ]]>
    </line>
    <line>
      <![CDATA[[ Reported ] INFO	09/03/2017 06:06:31 :------ Before Submission ------ ]]>
    </line>
    <line>
      <![CDATA[[ Reported ] PASS	Submit Button is found and Clicked]]>
    </line>
    <line>
      <![CDATA[[ Reported ] INFO	09/03/2017 06:06:36 :------ Summary Page ------ ]]>
    </line>
    <line>
      <![CDATA[[ Reported ] PASS	Switched to Default Content]]>
    </line>
    <line>
      <![CDATA[[ Reported ] PASS	Caller Name - (Account Holder) is found]]>
    </line>
    <line>
      <![CDATA[[ Reported ] PASS	ID&V Status - VERIFIED is found]]>
    </line>
    <line>
      <![CDATA[[ Reported ] PASS	Switched to Frame: Search]]>
    </line>
    <line>
      <![CDATA[[ Reported ] PASS	Add Case button is found]]>
    </line>
    <line>
      <![CDATA[[ Reported ] PASS	Hovered over Add Case button]]>
    </line>
    <line>
      <![CDATA[[ Reported ] PASS	Case Category - TalkSafe is found and Clicked]]>
    </line>
    <line>
      <![CDATA[[ Reported ] INFO	09/03/2017 06:06:48 :------ Add Case Panel ------ ]]>
    </line>
    <line>
      <![CDATA[[ Reported ] INFO	09/03/2017 06:06:49 :------ Add case  ------ ]]>
    </line>
    <line>
      <![CDATA[[ Reported ] PASS	Add cases is found and Clicked]]>
    </line>
    <line>
      <![CDATA[[ Reported ] PASS	Switched to Default Content]]>
    </line>
    <line>
      <![CDATA[[ Reported ] PASS	Switched to Frame: Create]]>
    </line>
    <line>
      <![CDATA[[ Reported ] PASS	TalkSafe page got loaded successfully]]>
    </line>
    <line>
      <![CDATA[[ Reported ] FAIL	09/03/2017 06:07:02 :AccountType is not found]]>
    </line>
    <line>
      <![CDATA[[ Reported ] FAIL	09/03/2017 06:07:03 :Enrollment Options Updated for different Account Type Account Holder]]>
    </line>
    <line>
      <![CDATA[[ Reported ] PASS	Enrollment Option : Enroll is found]]>
    </line>
    <line>
      <![CDATA[[ Reported ] PASS	Enrollment Option : Not Now is found]]>
    </line>
    <line>
      <![CDATA[[ Reported ] PASS	Enrollment Option : Not Now is found and Clicked]]>
    </line>
    <line>
      <![CDATA[[ Reported ] PASS	Enrollment Option : Never is found]]>
    </line>
    <line>
      <![CDATA[[ Reported ] PASS	Enrollment Option : Never is found and Clicked]]>
    </line>
    <line>
      <![CDATA[[ Reported ] FAIL	Submit Enrollment Option link is not found]]>
    </line>
    <line>
      <![CDATA[[ Reported ] PASS	MyDesk_C1_020 from Row number 15 -> Test Started]]>
    </line>
    <line>
      <![CDATA[[ Reported ] INFO	Test Description:   

15)Verify agent is able to select Enrollment option as Not now under Talk safe and verifyÂ  interaction history is updated for Account holder]]>
    </line>
    <line>
      <![CDATA[[ Reported ] INFO	Test Case Running on Desktop Mode:]]>
    </line>
    <line>
      <![CDATA[[ Reported ] PASS	UserIdentifier text box is found and raja.rajan is entered]]>
    </line>
    <line>
      <![CDATA[[ Reported ] PASS	Password text box is found and welcome is entered]]>
    </line>
    <line>
      <![CDATA[[ Reported ] PASS	Log In is found and Clicked]]>
    </line>
    <line>
      <![CDATA[[ Reported ] PASS	http://10.180.37.104:9080/prweb/PRServlet/27Ne4jELjBKiMg19rDy62w%5B%5B*/!STANDARD?pzPostData=-2138285302 has been navigated]]>
    </line>
    <line>
      <![CDATA[[ Reported ] PASS	Switched to new window]]>
    </line>
    <line>
      <![CDATA[[ Reported ] INFO	09/03/2017 06:07:58 :------ Home Page ------ ]]>
    </line>
    <line>
      <![CDATA[[ Reported ] PASS	New Interaction Button is found and Clicked]]>
    </line>
    <line>
      <![CDATA[[ Reported ] PASS	Switched to Frame: Search]]>
    </line>
    <line>
      <![CDATA[[ Reported ] INFO	09/03/2017 06:08:02 :------ Identify Customer Page ------ ]]>
    </line>
    <line>
      <![CDATA[[ Reported ] PASS	PhoneNumber Search Button is found and Clicked]]>
    </line>
    <line>
      <![CDATA[[ Reported ] PASS	PhoneNumber TextBox text box is found and 01416479209 is entered]]>
    </line>
    <line>
      <![CDATA[[ Reported ] PASS	Search Button is found and Clicked]]>
    </line>
    <line>
      <![CDATA[[ Reported ] INFO	09/03/2017 06:08:13 :------ Verify Caller Page ------ ]]>
    </line>
    <line>
      <![CDATA[[ Reported ] PASS	ID&V Status - IDENTIFIED is found]]>
    </line>
    <line>
      <![CDATA[[ Reported ] PASS	Additional Question 1 been Checked is found and Clicked]]>
    </line>
    <line>
      <![CDATA[[ Reported ] PASS	Additional Question 2 been Checked is found and Clicked]]>
    </line>
    <line>
      <![CDATA[[ Reported ] INFO	09/03/2017 06:08:19 :------ After Additional Question been checked ------ ]]>
    </line>
    <line>
      <![CDATA[[ Reported ] INFO	09/03/2017 06:08:19 :------ Before Submission ------ ]]>
    </line>
    <line>
      <![CDATA[[ Reported ] PASS	Submit Button is found and Clicked]]>
    </line>
    <line>
      <![CDATA[[ Reported ] INFO	09/03/2017 06:08:25 :------ Summary Page ------ ]]>
    </line>
    <line>
      <![CDATA[[ Reported ] PASS	Switched to Default Content]]>
    </line>
    <line>
      <![CDATA[[ Reported ] PASS	Caller Name - (Account Holder) is found]]>
    </line>
    <line>
      <![CDATA[[ Reported ] PASS	ID&V Status - VERIFIED is found]]>
    </line>
    <line>
      <![CDATA[[ Reported ] PASS	Switched to Frame: Search]]>
    </line>
    <line>
      <![CDATA[[ Reported ] PASS	Add Case button is found]]>
    </line>
    <line>
      <![CDATA[[ Reported ] PASS	Hovered over Add Case button]]>
    </line>
    <line>
      <![CDATA[[ Reported ] PASS	Case Category - TalkSafe is found and Clicked]]>
    </line>
    <line>
      <![CDATA[[ Reported ] INFO	09/03/2017 06:08:38 :------ Add Case Panel ------ ]]>
    </line>
    <line>
      <![CDATA[[ Reported ] INFO	09/03/2017 06:08:39 :------ Add case  ------ ]]>
    </line>
    <line>
      <![CDATA[[ Reported ] PASS	Add cases is found and Clicked]]>
    </line>
    <line>
      <![CDATA[[ Reported ] PASS	Switched to Default Content]]>
    </line>
    <line>
      <![CDATA[[ Reported ] PASS	Switched to Frame: Create]]>
    </line>
    <line>
      <![CDATA[[ Reported ] PASS	TalkSafe page got loaded successfully]]>
    </line>
    <line>
      <![CDATA[[ Reported ] FAIL	09/03/2017 06:08:52 :AccountType is not found]]>
    </line>
    <line>
      <![CDATA[[ Reported ] FAIL	09/03/2017 06:08:53 :Enrollment Options Updated for different Account Type Account Holder]]>
    </line>
    <line>
      <![CDATA[[ Reported ] PASS	Enrollment Option : Enroll is found]]>
    </line>
    <line>
      <![CDATA[[ Reported ] PASS	Enrollment Option : Not Now is found]]>
    </line>
    <line>
      <![CDATA[[ Reported ] PASS	Enrollment Option : Not Now is found and Clicked]]>
    </line>
    <line>
      <![CDATA[[ Reported ] PASS	Enrollment Option : Never is found]]>
    </line>
    <line>
      <![CDATA[[ Reported ] PASS	Enrollment Option : Never is found and Clicked]]>
    </line>
    <line>
      <![CDATA[[ Reported ] FAIL	Submit Enrollment Option link is not found]]>
    </line>
    <line>
      <![CDATA[[ Reported ] FAIL	Test Failed]]>
    </line>
    <line>
      <![CDATA[[ Reported ] PASS	MyDesk_C1_021 from Row number 16 -> Test Started]]>
    </line>
    <line>
      <![CDATA[[ Reported ] INFO	Test Description:   

16)Verify the warning message is displayed when enrollment option is opted as Never up on customers next login and interaction history is updated for AccountÂ  Holder]]>
    </line>
    <line>
      <![CDATA[[ Reported ] INFO	Test Case Running on Desktop Mode:]]>
    </line>
    <line>
      <![CDATA[[ Reported ] PASS	UserIdentifier text box is found and raja.rajan is entered]]>
    </line>
    <line>
      <![CDATA[[ Reported ] PASS	Password text box is found and welcome is entered]]>
    </line>
    <line>
      <![CDATA[[ Reported ] PASS	Log In is found and Clicked]]>
    </line>
    <line>
      <![CDATA[[ Reported ] PASS	http://10.180.37.104:9080/prweb/PRServlet/27Ne4jELjBKiMg19rDy62w%5B%5B*/!STANDARD?pzPostData=-1238615067 has been navigated]]>
    </line>
    <line>
      <![CDATA[[ Reported ] PASS	Switched to new window]]>
    </line>
    <line>
      <![CDATA[[ Reported ] INFO	09/03/2017 06:09:38 :------ Home Page ------ ]]>
    </line>
    <line>
      <![CDATA[[ Reported ] PASS	New Interaction Button is found and Clicked]]>
    </line>
    <line>
      <![CDATA[[ Reported ] PASS	Switched to Frame: Search]]>
    </line>
    <line>
      <![CDATA[[ Reported ] INFO	09/03/2017 06:09:43 :------ Identify Customer Page ------ ]]>
    </line>
    <line>
      <![CDATA[[ Reported ] PASS	PhoneNumber Search Button is found and Clicked]]>
    </line>
    <line>
      <![CDATA[[ Reported ] PASS	PhoneNumber TextBox text box is found and 01214399446 is entered]]>
    </line>
    <line>
      <![CDATA[[ Reported ] PASS	Search Button is found and Clicked]]>
    </line>
    <line>
      <![CDATA[[ Reported ] INFO	09/03/2017 06:09:56 :------ Verify Caller Page ------ ]]>
    </line>
    <line>
      <![CDATA[[ Reported ] PASS	ID&V Status - IDENTIFIED is found]]>
    </line>
    <line>
      <![CDATA[[ Reported ] PASS	Additional Question 1 been Checked is found and Clicked]]>
    </line>
    <line>
      <![CDATA[[ Reported ] PASS	Additional Question 2 been Checked is found and Clicked]]>
    </line>
    <line>
      <![CDATA[[ Reported ] PASS	Additional Question 3 been Checked is found and Clicked]]>
    </line>
    <line>
      <![CDATA[[ Reported ] INFO	09/03/2017 06:10:03 :------ After Additional Question been checked ------ ]]>
    </line>
    <line>
      <![CDATA[[ Reported ] INFO	09/03/2017 06:10:03 :------ Before Submission ------ ]]>
    </line>
    <line>
      <![CDATA[[ Reported ] PASS	Submit Button is found and Clicked]]>
    </line>
    <line>
      <![CDATA[[ Reported ] INFO	09/03/2017 06:10:09 :------ Summary Page ------ ]]>
    </line>
    <line>
      <![CDATA[[ Reported ] PASS	Switched to Default Content]]>
    </line>
    <line>
      <![CDATA[[ Reported ] PASS	Caller Name - (Account Holder) is found]]>
    </line>
    <line>
      <![CDATA[[ Reported ] PASS	ID&V Status - VERIFIED is found]]>
    </line>
    <line>
      <![CDATA[[ Reported ] PASS	Switched to Frame: Search]]>
    </line>
    <line>
      <![CDATA[[ Reported ] PASS	Add Case button is found]]>
    </line>
    <line>
      <![CDATA[[ Reported ] PASS	Hovered over Add Case button]]>
    </line>
    <line>
      <![CDATA[[ Reported ] PASS	Case Category - TalkSafe is found and Clicked]]>
    </line>
    <line>
      <![CDATA[[ Reported ] INFO	09/03/2017 06:10:22 :------ Add Case Panel ------ ]]>
    </line>
    <line>
      <![CDATA[[ Reported ] INFO	09/03/2017 06:10:23 :------ Add case  ------ ]]>
    </line>
    <line>
      <![CDATA[[ Reported ] PASS	Add cases is found and Clicked]]>
    </line>
    <line>
      <![CDATA[[ Reported ] PASS	Switched to Default Content]]>
    </line>
    <line>
      <![CDATA[[ Reported ] PASS	Switched to Frame: Create]]>
    </line>
    <line>
      <![CDATA[[ Reported ] PASS	TalkSafe page got loaded successfully]]>
    </line>
    <line>
      <![CDATA[[ Reported ] FAIL	09/03/2017 06:10:36 :AccountType is not found]]>
    </line>
    <line>
      <![CDATA[[ Reported ] FAIL	09/03/2017 06:10:37 :Enrollment Options Updated for different Account Type Account Holder]]>
    </line>
    <line>
      <![CDATA[[ Reported ] PASS	Enrollment Option : Enroll is found]]>
    </line>
    <line>
      <![CDATA[[ Reported ] PASS	Enrollment Option : Not Now is found]]>
    </line>
    <line>
      <![CDATA[[ Reported ] PASS	Enrollment Option : Not Now is found and Clicked]]>
    </line>
    <line>
      <![CDATA[[ Reported ] PASS	Enrollment Option : Never is found]]>
    </line>
    <line>
      <![CDATA[[ Reported ] PASS	Enrollment Option : Never is found and Clicked]]>
    </line>
    <line>
      <![CDATA[[ Reported ] FAIL	09/03/2017 06:10:48 :Warning Msg for Enrollment Option : Never is not found]]>
    </line>
    <line>
      <![CDATA[[ Reported ] INFO	09/03/2017 06:10:49 :------ Before Submission ------ ]]>
    </line>
    <line>
      <![CDATA[[ Reported ] PASS	Submit Button is found and Clicked]]>
    </line>
    <line>
      <![CDATA[[ Reported ] PASS	Interaction history with Never for CLI 01214399446]]>
    </line>
    <line>
      <![CDATA[[ Reported ] FAIL	Exit_Interation_Comments link is not found]]>
    </line>
    <line>
      <![CDATA[[ Reported ] PASS	MyDesk_C1_021 from Row number 16 -> Test Started]]>
    </line>
    <line>
      <![CDATA[[ Reported ] INFO	Test Description:   

16)Verify the warning message is displayed when enrollment option is opted as Never up on customers next login and interaction history is updated for AccountÂ  Holder]]>
    </line>
    <line>
      <![CDATA[[ Reported ] INFO	Test Case Running on Desktop Mode:]]>
    </line>
    <line>
      <![CDATA[[ Reported ] PASS	UserIdentifier text box is found and raja.rajan is entered]]>
    </line>
    <line>
      <![CDATA[[ Reported ] PASS	Password text box is found and welcome is entered]]>
    </line>
    <line>
      <![CDATA[[ Reported ] PASS	Log In is found and Clicked]]>
    </line>
    <line>
      <![CDATA[[ Reported ] PASS	http://10.180.37.104:9080/prweb/PRServlet/27Ne4jELjBKiMg19rDy62w%5B%5B*/!STANDARD?pzPostData=-243509814 has been navigated]]>
    </line>
    <line>
      <![CDATA[[ Reported ] PASS	Switched to new window]]>
    </line>
    <line>
      <![CDATA[[ Reported ] INFO	09/03/2017 06:12:05 :------ Home Page ------ ]]>
    </line>
    <line>
      <![CDATA[[ Reported ] PASS	New Interaction Button is found and Clicked]]>
    </line>
    <line>
      <![CDATA[[ Reported ] PASS	Switched to Frame: Search]]>
    </line>
    <line>
      <![CDATA[[ Reported ] INFO	09/03/2017 06:12:09 :------ Identify Customer Page ------ ]]>
    </line>
    <line>
      <![CDATA[[ Reported ] PASS	PhoneNumber Search Button is found and Clicked]]>
    </line>
    <line>
      <![CDATA[[ Reported ] PASS	PhoneNumber TextBox text box is found and 01753864935 is entered]]>
    </line>
    <line>
      <![CDATA[[ Reported ] PASS	Search Button is found and Clicked]]>
    </line>
    <line>
      <![CDATA[[ Reported ] INFO	09/03/2017 06:12:21 :------ Verify Caller Page ------ ]]>
    </line>
    <line>
      <![CDATA[[ Reported ] PASS	ID&V Status - IDENTIFIED is found]]>
    </line>
    <line>
      <![CDATA[[ Reported ] PASS	Additional Question 1 been Checked is found and Clicked]]>
    </line>
    <line>
      <![CDATA[[ Reported ] PASS	Additional Question 2 been Checked is found and Clicked]]>
    </line>
    <line>
      <![CDATA[[ Reported ] PASS	Additional Question 3 been Checked is found and Clicked]]>
    </line>
    <line>
      <![CDATA[[ Reported ] INFO	09/03/2017 06:12:29 :------ After Additional Question been checked ------ ]]>
    </line>
    <line>
      <![CDATA[[ Reported ] INFO	09/03/2017 06:12:29 :------ Before Submission ------ ]]>
    </line>
    <line>
      <![CDATA[[ Reported ] PASS	Submit Button is found and Clicked]]>
    </line>
    <line>
      <![CDATA[[ Reported ] INFO	09/03/2017 06:12:37 :------ Summary Page ------ ]]>
    </line>
    <line>
      <![CDATA[[ Reported ] PASS	Switched to Default Content]]>
    </line>
    <line>
      <![CDATA[[ Reported ] PASS	Caller Name - (Account Holder) is found]]>
    </line>
    <line>
      <![CDATA[[ Reported ] PASS	ID&V Status - VERIFIED is found]]>
    </line>
    <line>
      <![CDATA[[ Reported ] PASS	Switched to Frame: Search]]>
    </line>
    <line>
      <![CDATA[[ Reported ] PASS	Add Case button is found]]>
    </line>
    <line>
      <![CDATA[[ Reported ] PASS	Hovered over Add Case button]]>
    </line>
    <line>
      <![CDATA[[ Reported ] PASS	Add Case button is found]]>
    </line>
    <line>
      <![CDATA[[ Reported ] PASS	Hovered over Add Case button]]>
    </line>
    <line>
      <![CDATA[[ Reported ] PASS	Case Category - TalkSafe is found and Clicked]]>
    </line>
    <line>
      <![CDATA[[ Reported ] INFO	09/03/2017 06:13:04 :------ Add Case Panel ------ ]]>
    </line>
    <line>
      <![CDATA[[ Reported ] INFO	09/03/2017 06:13:04 :------ Add case  ------ ]]>
    </line>
    <line>
      <![CDATA[[ Reported ] PASS	Add cases is found and Clicked]]>
    </line>
    <line>
      <![CDATA[[ Reported ] PASS	Switched to Default Content]]>
    </line>
    <line>
      <![CDATA[[ Reported ] PASS	Switched to Frame: Create]]>
    </line>
    <line>
      <![CDATA[[ Reported ] PASS	TalkSafe page got loaded successfully]]>
    </line>
    <line>
      <![CDATA[[ Reported ] FAIL	09/03/2017 06:13:18 :AccountType is not found]]>
    </line>
    <line>
      <![CDATA[[ Reported ] FAIL	09/03/2017 06:13:19 :Enrollment Options Updated for different Account Type Account Holder]]>
    </line>
    <line>
      <![CDATA[[ Reported ] PASS	Enrollment Option : Enroll is found]]>
    </line>
    <line>
      <![CDATA[[ Reported ] PASS	Enrollment Option : Not Now is found]]>
    </line>
    <line>
      <![CDATA[[ Reported ] PASS	Enrollment Option : Not Now is found and Clicked]]>
    </line>
    <line>
      <![CDATA[[ Reported ] PASS	Enrollment Option : Never is found]]>
    </line>
    <line>
      <![CDATA[[ Reported ] PASS	Enrollment Option : Never is found and Clicked]]>
    </line>
    <line>
      <![CDATA[[ Reported ] FAIL	09/03/2017 06:13:29 :Warning Msg for Enrollment Option : Never is not found]]>
    </line>
    <line>
      <![CDATA[[ Reported ] INFO	09/03/2017 06:13:30 :------ Before Submission ------ ]]>
    </line>
    <line>
      <![CDATA[[ Reported ] PASS	Submit Button is found and Clicked]]>
    </line>
    <line>
      <![CDATA[[ Reported ] PASS	Interaction history with Never for CLI 01753864935]]>
    </line>
    <line>
      <![CDATA[[ Reported ] FAIL	Exit_Interation_Comments link is not found]]>
    </line>
    <line>
      <![CDATA[[ Reported ] PASS	MyDesk_C1_021 from Row number 16 -> Test Started]]>
    </line>
    <line>
      <![CDATA[[ Reported ] INFO	Test Description:   

16)Verify the warning message is displayed when enrollment option is opted as Never up on customers next login and interaction history is updated for AccountÂ  Holder]]>
    </line>
    <line>
      <![CDATA[[ Reported ] INFO	Test Case Running on Desktop Mode:]]>
    </line>
    <line>
      <![CDATA[[ Reported ] PASS	UserIdentifier text box is found and raja.rajan is entered]]>
    </line>
    <line>
      <![CDATA[[ Reported ] PASS	Password text box is found and welcome is entered]]>
    </line>
    <line>
      <![CDATA[[ Reported ] PASS	Log In is found and Clicked]]>
    </line>
    <line>
      <![CDATA[[ Reported ] PASS	http://10.180.37.104:9080/prweb/PRServlet/27Ne4jELjBKiMg19rDy62w%5B%5B*/!STANDARD?pzPostData=-1261858165 has been navigated]]>
    </line>
    <line>
      <![CDATA[[ Reported ] PASS	Switched to new window]]>
    </line>
    <line>
      <![CDATA[[ Reported ] INFO	09/03/2017 06:14:50 :------ Home Page ------ ]]>
    </line>
    <line>
      <![CDATA[[ Reported ] PASS	New Interaction Button is found and Clicked]]>
    </line>
    <line>
      <![CDATA[[ Reported ] PASS	Switched to Frame: Search]]>
    </line>
    <line>
      <![CDATA[[ Reported ] INFO	09/03/2017 06:14:55 :------ Identify Customer Page ------ ]]>
    </line>
    <line>
      <![CDATA[[ Reported ] PASS	PhoneNumber Search Button is found and Clicked]]>
    </line>
    <line>
      <![CDATA[[ Reported ] PASS	PhoneNumber TextBox text box is found and 01416479209 is entered]]>
    </line>
    <line>
      <![CDATA[[ Reported ] PASS	Search Button is found and Clicked]]>
    </line>
    <line>
      <![CDATA[[ Reported ] INFO	09/03/2017 06:15:07 :------ Verify Caller Page ------ ]]>
    </line>
    <line>
      <![CDATA[[ Reported ] PASS	ID&V Status - IDENTIFIED is found]]>
    </line>
    <line>
      <![CDATA[[ Reported ] PASS	Additional Question 1 been Checked is found and Clicked]]>
    </line>
    <line>
      <![CDATA[[ Reported ] PASS	Additional Question 2 been Checked is found and Clicked]]>
    </line>
    <line>
      <![CDATA[[ Reported ] INFO	09/03/2017 06:15:13 :------ After Additional Question been checked ------ ]]>
    </line>
    <line>
      <![CDATA[[ Reported ] INFO	09/03/2017 06:15:13 :------ Before Submission ------ ]]>
    </line>
    <line>
      <![CDATA[[ Reported ] PASS	Submit Button is found and Clicked]]>
    </line>
    <line>
      <![CDATA[[ Reported ] INFO	09/03/2017 06:15:22 :------ Summary Page ------ ]]>
    </line>
    <line>
      <![CDATA[[ Reported ] PASS	Switched to Default Content]]>
    </line>
    <line>
      <![CDATA[[ Reported ] PASS	Caller Name - (Account Holder) is found]]>
    </line>
    <line>
      <![CDATA[[ Reported ] PASS	ID&V Status - VERIFIED is found]]>
    </line>
    <line>
      <![CDATA[[ Reported ] PASS	Switched to Frame: Search]]>
    </line>
    <line>
      <![CDATA[[ Reported ] PASS	Add Case button is found]]>
    </line>
    <line>
      <![CDATA[[ Reported ] PASS	Hovered over Add Case button]]>
    </line>
    <line>
      <![CDATA[[ Reported ] PASS	Case Category - TalkSafe is found and Clicked]]>
    </line>
    <line>
      <![CDATA[[ Reported ] INFO	09/03/2017 06:15:35 :------ Add Case Panel ------ ]]>
    </line>
    <line>
      <![CDATA[[ Reported ] INFO	09/03/2017 06:15:36 :------ Add case  ------ ]]>
    </line>
    <line>
      <![CDATA[[ Reported ] PASS	Add cases is found and Clicked]]>
    </line>
    <line>
      <![CDATA[[ Reported ] PASS	Switched to Default Content]]>
    </line>
    <line>
      <![CDATA[[ Reported ] PASS	Switched to Frame: Create]]>
    </line>
    <line>
      <![CDATA[[ Reported ] PASS	TalkSafe page got loaded successfully]]>
    </line>
    <line>
      <![CDATA[[ Reported ] FAIL	09/03/2017 06:15:49 :AccountType is not found]]>
    </line>
    <line>
      <![CDATA[[ Reported ] FAIL	09/03/2017 06:15:50 :Enrollment Options Updated for different Account Type Account Holder]]>
    </line>
    <line>
      <![CDATA[[ Reported ] PASS	Enrollment Option : Enroll is found]]>
    </line>
    <line>
      <![CDATA[[ Reported ] PASS	Enrollment Option : Not Now is found]]>
    </line>
    <line>
      <![CDATA[[ Reported ] PASS	Enrollment Option : Not Now is found and Clicked]]>
    </line>
    <line>
      <![CDATA[[ Reported ] PASS	Enrollment Option : Never is found]]>
    </line>
    <line>
      <![CDATA[[ Reported ] PASS	Enrollment Option : Never is found and Clicked]]>
    </line>
    <line>
      <![CDATA[[ Reported ] FAIL	09/03/2017 06:16:03 :Warning Msg for Enrollment Option : Never is not found]]>
    </line>
    <line>
      <![CDATA[[ Reported ] INFO	09/03/2017 06:16:05 :------ Before Submission ------ ]]>
    </line>
    <line>
      <![CDATA[[ Reported ] PASS	Submit Button is found and Clicked]]>
    </line>
    <line>
      <![CDATA[[ Reported ] PASS	Interaction history with Never for CLI 01416479209]]>
    </line>
    <line>
      <![CDATA[[ Reported ] FAIL	Exit_Interation_Comments link is not found]]>
    </line>
    <line>
      <![CDATA[[ Reported ] FAIL	Test Failed]]>
    </line>
    <line>
      <![CDATA[[ Reported ] PASS	MyDesk_CS_010 from Row number 12 -> Test Started]]>
    </line>
    <line>
      <![CDATA[[ Reported ] INFO	Test Description:   

12)Verify alert messages are displayed below the caller information bar( hide ) and  hide option  for alert message in second page  and check hide and click show   in  Third page for alert alone ( Alert Type Accessibility and bereavement )]]>
    </line>
    <line>
      <![CDATA[[ Reported ] INFO	Test Case Running on Desktop Mode:]]>
    </line>
    <line>
      <![CDATA[[ Reported ] PASS	UserIdentifier text box is found and raja.rajan is entered]]>
    </line>
    <line>
      <![CDATA[[ Reported ] PASS	Password text box is found and welcome is entered]]>
    </line>
    <line>
      <![CDATA[[ Reported ] PASS	Log In is found and Clicked]]>
    </line>
    <line>
      <![CDATA[[ Reported ] PASS	http://10.180.37.104:9080/prweb/PRServlet/27Ne4jELjBKiMg19rDy62w%5B%5B*/!STANDARD?pzPostData=1902355748 has been navigated]]>
    </line>
    <line>
      <![CDATA[[ Reported ] PASS	Switched to new window]]>
    </line>
    <line>
      <![CDATA[[ Reported ] INFO	09/03/2017 06:17:09 :------ Home Page ------ ]]>
    </line>
    <line>
      <![CDATA[[ Reported ] PASS	New Interaction Button is found and Clicked]]>
    </line>
    <line>
      <![CDATA[[ Reported ] PASS	Switched to Frame: Search]]>
    </line>
    <line>
      <![CDATA[[ Reported ] INFO	09/03/2017 06:17:14 :------ Identify Customer Page ------ ]]>
    </line>
    <line>
      <![CDATA[[ Reported ] PASS	Customer Information Bar - Caller Name label  is found]]>
    </line>
    <line>
      <![CDATA[[ Reported ] PASS	Customer Information Bar - ID&V Status label  is found]]>
    </line>
    <line>
      <![CDATA[[ Reported ] PASS	Customer Information Bar - Call Reason label  is found]]>
    </line>
    <line>
      <![CDATA[[ Reported ] PASS	Customer Information Bar - Phone Number label  is found]]>
    </line>
    <line>
      <![CDATA[[ Reported ] PASS	Customer Information Bar - Package label  is found]]>
    </line>
    <line>
      <![CDATA[[ Reported ] PASS	Customer Information Bar - Account Number label  is found]]>
    </line>
    <line>
      <![CDATA[[ Reported ] PASS	Customer Information Bar - Monthly Spend label  is found]]>
    </line>
    <line>
      <![CDATA[[ Reported ] PASS	Customer Information Bar - Total Call Length label  is found]]>
    </line>
    <line>
      <![CDATA[[ Reported ] PASS	Customer Information Bar - My Call Length label  is found]]>
    </line>
    <line>
      <![CDATA[[ Reported ] PASS	Customer Information Bar - Total Transfers label  is found]]>
    </line>
    <line>
      <![CDATA[[ Reported ] PASS	Customer Information Bar - Hold Time label  is found]]>
    </line>
    <line>
      <![CDATA[[ Reported ] PASS	Customer Information bar details Shown]]>
    </line>
    <line>
      <![CDATA[[ Reported ] PASS	Hide Details is found and Clicked]]>
    </line>
    <line>
      <![CDATA[[ Reported ] PASS	Details in customer information bar has been hided]]>
    </line>
    <line>
      <![CDATA[[ Reported ] PASS	PhoneNumber Search Button is found and Clicked]]>
    </line>
    <line>
      <![CDATA[[ Reported ] PASS	PhoneNumber TextBox text box is found and 01443411785 is entered]]>
    </line>
    <line>
      <![CDATA[[ Reported ] PASS	Search Button is found and Clicked]]>
    </line>
    <line>
      <![CDATA[[ Reported ] INFO	09/03/2017 06:17:41 :------ Verify Caller Page ------ ]]>
    </line>
    <line>
      <![CDATA[[ Reported ] PASS	Details in customer information bar has been hided]]>
    </line>
    <line>
      <![CDATA[[ Reported ] PASS	A bereavement has been reported. The Bereavement Team are awaiting updates on this account. Please transfer to Bereavement team.Alert Message is found]]>
    </line>
    <line>
      <![CDATA[[ Reported ] PASS	Alert Message Screen]]>
    </line>
    <line>
      <![CDATA[[ Reported ] PASS	Customer has accessibility requirements, please check Trio for further information.Alert Message is found]]>
    </line>
    <line>
      <![CDATA[[ Reported ] PASS	Alert Message Screen]]>
    </line>
    <line>
      <![CDATA[[ Reported ] PASS	Alert Hide Link is found and Clicked]]>
    </line>
    <line>
      <![CDATA[[ Reported ] PASS	No Alert Message found]]>
    </line>
    <line>
      <![CDATA[[ Reported ] PASS	No Alert Message found]]>
    </line>
    <line>
      <![CDATA[[ Reported ] PASS	Caller Identification - Account Holder is found and Clicked]]>
    </line>
    <line>
      <![CDATA[[ Reported ] PASS	MyDesk_CS_010 from Row number 12 -> Test Started]]>
    </line>
    <line>
      <![CDATA[[ Reported ] INFO	Test Description:   

12)Verify alert messages are displayed below the caller information bar( hide ) and  hide option  for alert message in second page  and check hide and click show   in  Third page for alert alone ( Alert Type Accessibility and bereavement )]]>
    </line>
    <line>
      <![CDATA[[ Reported ] INFO	Test Case Running on Desktop Mode:]]>
    </line>
    <line>
      <![CDATA[[ Reported ] PASS	UserIdentifier text box is found and raja.rajan is entered]]>
    </line>
    <line>
      <![CDATA[[ Reported ] PASS	Password text box is found and welcome is entered]]>
    </line>
    <line>
      <![CDATA[[ Reported ] PASS	Log In is found and Clicked]]>
    </line>
    <line>
      <![CDATA[[ Reported ] PASS	http://10.180.37.104:9080/prweb/PRServlet/27Ne4jELjBKiMg19rDy62w%5B%5B*/!STANDARD?pzPostData=-1423182211 has been navigated]]>
    </line>
    <line>
      <![CDATA[[ Reported ] PASS	Switched to new window]]>
    </line>
    <line>
      <![CDATA[[ Reported ] INFO	09/03/2017 06:18:25 :------ Home Page ------ ]]>
    </line>
    <line>
      <![CDATA[[ Reported ] PASS	New Interaction Button is found and Clicked]]>
    </line>
    <line>
      <![CDATA[[ Reported ] PASS	Switched to Frame: Search]]>
    </line>
    <line>
      <![CDATA[[ Reported ] INFO	09/03/2017 06:18:29 :------ Identify Customer Page ------ ]]>
    </line>
    <line>
      <![CDATA[[ Reported ] PASS	Customer Information Bar - Caller Name label  is found]]>
    </line>
    <line>
      <![CDATA[[ Reported ] PASS	Customer Information Bar - ID&V Status label  is found]]>
    </line>
    <line>
      <![CDATA[[ Reported ] PASS	Customer Information Bar - Call Reason label  is found]]>
    </line>
    <line>
      <![CDATA[[ Reported ] PASS	Customer Information Bar - Phone Number label  is found]]>
    </line>
    <line>
      <![CDATA[[ Reported ] PASS	Customer Information Bar - Package label  is found]]>
    </line>
    <line>
      <![CDATA[[ Reported ] PASS	Customer Information Bar - Account Number label  is found]]>
    </line>
    <line>
      <![CDATA[[ Reported ] PASS	Customer Information Bar - Monthly Spend label  is found]]>
    </line>
    <line>
      <![CDATA[[ Reported ] PASS	Customer Information Bar - Total Call Length label  is found]]>
    </line>
    <line>
      <![CDATA[[ Reported ] PASS	Customer Information Bar - My Call Length label  is found]]>
    </line>
    <line>
      <![CDATA[[ Reported ] PASS	Customer Information Bar - Total Transfers label  is found]]>
    </line>
    <line>
      <![CDATA[[ Reported ] PASS	Customer Information Bar - Hold Time label  is found]]>
    </line>
    <line>
      <![CDATA[[ Reported ] PASS	Customer Information bar details Shown]]>
    </line>
    <line>
      <![CDATA[[ Reported ] PASS	Hide Details is found and Clicked]]>
    </line>
    <line>
      <![CDATA[[ Reported ] PASS	Details in customer information bar has been hided]]>
    </line>
    <line>
      <![CDATA[[ Reported ] PASS	PhoneNumber Search Button is found and Clicked]]>
    </line>
    <line>
      <![CDATA[[ Reported ] PASS	PhoneNumber TextBox text box is found and 01443411785 is entered]]>
    </line>
    <line>
      <![CDATA[[ Reported ] PASS	Search Button is found and Clicked]]>
    </line>
    <line>
      <![CDATA[[ Reported ] INFO	09/03/2017 06:18:55 :------ Verify Caller Page ------ ]]>
    </line>
    <line>
      <![CDATA[[ Reported ] PASS	Details in customer information bar has been hided]]>
    </line>
    <line>
      <![CDATA[[ Reported ] PASS	A bereavement has been reported. The Bereavement Team are awaiting updates on this account. Please transfer to Bereavement team.Alert Message is found]]>
    </line>
    <line>
      <![CDATA[[ Reported ] PASS	Alert Message Screen]]>
    </line>
    <line>
      <![CDATA[[ Reported ] PASS	Customer has accessibility requirements, please check Trio for further information.Alert Message is found]]>
    </line>
    <line>
      <![CDATA[[ Reported ] PASS	Alert Message Screen]]>
    </line>
    <line>
      <![CDATA[[ Reported ] PASS	Alert Hide Link is found and Clicked]]>
    </line>
    <line>
      <![CDATA[[ Reported ] PASS	No Alert Message found]]>
    </line>
    <line>
      <![CDATA[[ Reported ] PASS	No Alert Message found]]>
    </line>
    <line>
      <![CDATA[[ Reported ] PASS	Caller Identification - Account Holder is found and Clicked]]>
    </line>
    <line>
      <![CDATA[[ Reported ] PASS	MyDesk_CS_010 from Row number 12 -> Test Started]]>
    </line>
    <line>
      <![CDATA[[ Reported ] INFO	Test Description:   

12)Verify alert messages are displayed below the caller information bar( hide ) and  hide option  for alert message in second page  and check hide and click show   in  Third page for alert alone ( Alert Type Accessibility and bereavement )]]>
    </line>
    <line>
      <![CDATA[[ Reported ] INFO	Test Case Running on Desktop Mode:]]>
    </line>
    <line>
      <![CDATA[[ Reported ] PASS	UserIdentifier text box is found and raja.rajan is entered]]>
    </line>
    <line>
      <![CDATA[[ Reported ] PASS	Password text box is found and welcome is entered]]>
    </line>
    <line>
      <![CDATA[[ Reported ] PASS	Log In is found and Clicked]]>
    </line>
    <line>
      <![CDATA[[ Reported ] PASS	http://10.180.37.104:9080/prweb/PRServlet/27Ne4jELjBKiMg19rDy62w%5B%5B*/!STANDARD?pzPostData=1736801010 has been navigated]]>
    </line>
    <line>
      <![CDATA[[ Reported ] PASS	Switched to new window]]>
    </line>
    <line>
      <![CDATA[[ Reported ] INFO	09/03/2017 06:19:41 :------ Home Page ------ ]]>
    </line>
    <line>
      <![CDATA[[ Reported ] PASS	New Interaction Button is found and Clicked]]>
    </line>
    <line>
      <![CDATA[[ Reported ] PASS	Switched to Frame: Search]]>
    </line>
    <line>
      <![CDATA[[ Reported ] INFO	09/03/2017 06:19:45 :------ Identify Customer Page ------ ]]>
    </line>
    <line>
      <![CDATA[[ Reported ] PASS	Customer Information Bar - Caller Name label  is found]]>
    </line>
    <line>
      <![CDATA[[ Reported ] PASS	Customer Information Bar - ID&V Status label  is found]]>
    </line>
    <line>
      <![CDATA[[ Reported ] PASS	Customer Information Bar - Call Reason label  is found]]>
    </line>
    <line>
      <![CDATA[[ Reported ] PASS	Customer Information Bar - Phone Number label  is found]]>
    </line>
    <line>
      <![CDATA[[ Reported ] PASS	Customer Information Bar - Package label  is found]]>
    </line>
    <line>
      <![CDATA[[ Reported ] PASS	Customer Information Bar - Account Number label  is found]]>
    </line>
    <line>
      <![CDATA[[ Reported ] PASS	Customer Information Bar - Monthly Spend label  is found]]>
    </line>
    <line>
      <![CDATA[[ Reported ] PASS	Customer Information Bar - Total Call Length label  is found]]>
    </line>
    <line>
      <![CDATA[[ Reported ] PASS	Customer Information Bar - My Call Length label  is found]]>
    </line>
    <line>
      <![CDATA[[ Reported ] PASS	Customer Information Bar - Total Transfers label  is found]]>
    </line>
    <line>
      <![CDATA[[ Reported ] PASS	Customer Information Bar - Hold Time label  is found]]>
    </line>
    <line>
      <![CDATA[[ Reported ] PASS	Customer Information bar details Shown]]>
    </line>
    <line>
      <![CDATA[[ Reported ] PASS	Hide Details is found and Clicked]]>
    </line>
    <line>
      <![CDATA[[ Reported ] PASS	Details in customer information bar has been hided]]>
    </line>
    <line>
      <![CDATA[[ Reported ] PASS	PhoneNumber Search Button is found and Clicked]]>
    </line>
    <line>
      <![CDATA[[ Reported ] PASS	PhoneNumber TextBox text box is found and 01443411785 is entered]]>
    </line>
    <line>
      <![CDATA[[ Reported ] PASS	Search Button is found and Clicked]]>
    </line>
    <line>
      <![CDATA[[ Reported ] INFO	09/03/2017 06:20:17 :------ Verify Caller Page ------ ]]>
    </line>
    <line>
      <![CDATA[[ Reported ] PASS	Details in customer information bar has been hided]]>
    </line>
    <line>
      <![CDATA[[ Reported ] PASS	A bereavement has been reported. The Bereavement Team are awaiting updates on this account. Please transfer to Bereavement team.Alert Message is found]]>
    </line>
    <line>
      <![CDATA[[ Reported ] PASS	Alert Message Screen]]>
    </line>
    <line>
      <![CDATA[[ Reported ] PASS	Customer has accessibility requirements, please check Trio for further information.Alert Message is found]]>
    </line>
    <line>
      <![CDATA[[ Reported ] PASS	Alert Message Screen]]>
    </line>
    <line>
      <![CDATA[[ Reported ] PASS	Alert Hide Link is found and Clicked]]>
    </line>
    <line>
      <![CDATA[[ Reported ] PASS	No Alert Message found]]>
    </line>
    <line>
      <![CDATA[[ Reported ] PASS	No Alert Message found]]>
    </line>
    <line>
      <![CDATA[[ Reported ] PASS	Caller Identification - Account Holder is found and Clicked]]>
    </line>
    <line>
      <![CDATA[[ Reported ] FAIL	Additional Question 1 been Checked link is not found]]>
    </line>
    <line>
      <![CDATA[[ Reported ] FAIL	Test Failed]]>
    </line>
  </reporter-output>
  <suite name="AUTOMATION Suite" duration-ms="1566482" started-at="2017-03-09T12:24:39Z" finished-at="2017-03-09T12:50:45Z">
    <groups>
      <group name="SalesRegression">
        <method signature="MyDesk_C1_014.MyDesk_C1_014_Method(java.lang.String, java.lang.String)[pri:0, instance:com.TestSuite.Customer180.MyDesk_C1_014@1b11784]" name="MyDesk_C1_014_Method" class="com.TestSuite.Customer180.MyDesk_C1_014"/>
        <method signature="MyDesk_C1_018.MyDesk_C1_018_Method(java.lang.String, java.lang.String)[pri:0, instance:com.TestSuite.Customer180.MyDesk_C1_018@1a10788]" name="MyDesk_C1_018_Method" class="com.TestSuite.Customer180.MyDesk_C1_018"/>
        <method signature="MyDesk_C1_019.MyDesk_C1_019_Method(java.lang.String, java.lang.String)[pri:0, instance:com.TestSuite.Customer180.MyDesk_C1_019@6c658]" name="MyDesk_C1_019_Method" class="com.TestSuite.Customer180.MyDesk_C1_019"/>
        <method signature="MyDesk_C1_020.MyDesk_C1_020_Method(java.lang.String, java.lang.String)[pri:0, instance:com.TestSuite.Customer180.MyDesk_C1_020@33bd0]" name="MyDesk_C1_020_Method" class="com.TestSuite.Customer180.MyDesk_C1_020"/>
        <method signature="MyDesk_C1_021.MyDesk_C1_021_Method(java.lang.String, java.lang.String)[pri:0, instance:com.TestSuite.Customer180.MyDesk_C1_021@1fd17e3]" name="MyDesk_C1_021_Method" class="com.TestSuite.Customer180.MyDesk_C1_021"/>
        <method signature="MyDesk_CS_010.MyDesk_CS_010_Method(java.lang.String, java.lang.String)[pri:0, instance:com.TestSuite.CustomerSearch.MyDesk_CS_010@dbc5d3]" name="MyDesk_CS_010_Method" class="com.TestSuite.CustomerSearch.MyDesk_CS_010"/>
      </group> <!-- SalesRegression -->
    </groups>
    <test name="AUTOMATION" duration-ms="1566482" started-at="2017-03-09T12:24:39Z" finished-at="2017-03-09T12:50:45Z">
      <class name="com.TestSuite.Customer180.MyDesk_C1_020">
        <test-method status="PASS" signature="InitializeExtentReports()[pri:0, instance:com.TestSuite.Customer180.MyDesk_C1_020@33bd0]" name="InitializeExtentReports" is-config="true" duration-ms="5" started-at="2017-03-09T18:03:33Z" finished-at="2017-03-09T18:03:33Z">
          <reporter-output>
          </reporter-output>
        </test-method> <!-- InitializeExtentReports -->
        <test-method status="PASS" signature="setUp()[pri:0, instance:com.TestSuite.Customer180.MyDesk_C1_020@33bd0]" name="setUp" is-config="true" duration-ms="0" started-at="2017-03-09T18:03:33Z" finished-at="2017-03-09T18:03:33Z">
          <reporter-output>
          </reporter-output>
        </test-method> <!-- setUp -->
        <test-method status="SKIP" signature="MyDesk_C1_020_Method(java.lang.String, java.lang.String)[pri:0, instance:com.TestSuite.Customer180.MyDesk_C1_020@33bd0]" name="MyDesk_C1_020_Method" duration-ms="118114" started-at="2017-03-09T18:03:33Z" data-provider="MyDesk_C1_020" finished-at="2017-03-09T18:05:31Z">
          <params>
            <param index="0">
              <value>
                <![CDATA[MyDesk_C1_020QWERTYTest Description:   

15)Verify agent is able to select Enrollment option as Not now under Talk safe and verify  interaction history is updated for Account holder]]>
              </value>
            </param>
            <param index="1">
              <value>
                <![CDATA[15]]>
              </value>
            </param>
          </params>
          <exception class="java.lang.AssertionError">
            <message>
              <![CDATA[null script failed, Submit Enrollment Option - null.jpg for more details.]]>
            </message>
            <full-stacktrace>
              <![CDATA[java.lang.AssertionError: null script failed, Submit Enrollment Option - null.jpg for more details.
	at org.testng.Assert.fail(Assert.java:94)
	at com.Engine.Reporter.exception(Reporter.java:107)
	at com.WebActions.WebActions.VerifyElementPresentAndClick(WebActions.java:904)
	at com.BusinessModules.MyDesk.Cases_Page.Talksafe_EnrollmentOption_Submit(Cases_Page.java:1682)
	at com.TestSuite.Customer180.MyDesk_C1_020.MyDesk_C1_020_Method(MyDesk_C1_020.java:145)
	at sun.reflect.NativeMethodAccessorImpl.invoke0(Native Method)
	at sun.reflect.NativeMethodAccessorImpl.invoke(Unknown Source)
	at sun.reflect.DelegatingMethodAccessorImpl.invoke(Unknown Source)
	at java.lang.reflect.Method.invoke(Unknown Source)
	at org.testng.internal.MethodInvocationHelper.invokeMethod(MethodInvocationHelper.java:85)
	at org.testng.internal.Invoker.invokeMethod(Invoker.java:639)
	at org.testng.internal.Invoker.invokeTestMethod(Invoker.java:816)
	at org.testng.internal.Invoker.invokeTestMethods(Invoker.java:1124)
	at org.testng.internal.TestMethodWorker.invokeTestMethods(TestMethodWorker.java:125)
	at org.testng.internal.TestMethodWorker.run(TestMethodWorker.java:108)
	at java.util.concurrent.ThreadPoolExecutor.runWorker(Unknown Source)
	at java.util.concurrent.ThreadPoolExecutor$Worker.run(Unknown Source)
	at java.lang.Thread.run(Unknown Source)
]]>
            </full-stacktrace>
          </exception> <!-- java.lang.AssertionError -->
          <reporter-output>
            <line>
              <![CDATA[[ Reported ] PASS	MyDesk_C1_020 from Row number 15 -> Test Started]]>
            </line>
            <line>
              <![CDATA[[ Reported ] INFO	Test Description:   

15)Verify agent is able to select Enrollment option as Not now under Talk safe and verifyÂ  interaction history is updated for Account holder]]>
            </line>
            <line>
              <![CDATA[[ Reported ] INFO	Test Case Running on Desktop Mode:]]>
            </line>
            <line>
              <![CDATA[[ Reported ] PASS	UserIdentifier text box is found and raja.rajan is entered]]>
            </line>
            <line>
              <![CDATA[[ Reported ] PASS	Password text box is found and welcome is entered]]>
            </line>
            <line>
              <![CDATA[[ Reported ] PASS	Log In is found and Clicked]]>
            </line>
            <line>
              <![CDATA[[ Reported ] PASS	http://10.180.37.104:9080/prweb/PRServlet/27Ne4jELjBKiMg19rDy62w%5B%5B*/!STANDARD?pzPostData=-1634666704 has been navigated]]>
            </line>
            <line>
              <![CDATA[[ Reported ] PASS	Switched to new window]]>
            </line>
            <line>
              <![CDATA[[ Reported ] INFO	09/03/2017 06:04:16 :------ Home Page ------ ]]>
            </line>
            <line>
              <![CDATA[[ Reported ] PASS	New Interaction Button is found and Clicked]]>
            </line>
            <line>
              <![CDATA[[ Reported ] PASS	Switched to Frame: Search]]>
            </line>
            <line>
              <![CDATA[[ Reported ] INFO	09/03/2017 06:04:23 :------ Identify Customer Page ------ ]]>
            </line>
            <line>
              <![CDATA[[ Reported ] PASS	PhoneNumber Search Button is found and Clicked]]>
            </line>
            <line>
              <![CDATA[[ Reported ] PASS	PhoneNumber TextBox text box is found and 02035839304 is entered]]>
            </line>
            <line>
              <![CDATA[[ Reported ] PASS	Search Button is found and Clicked]]>
            </line>
            <line>
              <![CDATA[[ Reported ] INFO	09/03/2017 06:04:36 :------ Verify Caller Page ------ ]]>
            </line>
            <line>
              <![CDATA[[ Reported ] PASS	ID&V Status - IDENTIFIED is found]]>
            </line>
            <line>
              <![CDATA[[ Reported ] PASS	Additional Question 1 been Checked is found and Clicked]]>
            </line>
            <line>
              <![CDATA[[ Reported ] PASS	Additional Question 2 been Checked is found and Clicked]]>
            </line>
            <line>
              <![CDATA[[ Reported ] PASS	Additional Question 3 been Checked is found and Clicked]]>
            </line>
            <line>
              <![CDATA[[ Reported ] INFO	09/03/2017 06:04:42 :------ After Additional Question been checked ------ ]]>
            </line>
            <line>
              <![CDATA[[ Reported ] INFO	09/03/2017 06:04:43 :------ Before Submission ------ ]]>
            </line>
            <line>
              <![CDATA[[ Reported ] PASS	Submit Button is found and Clicked]]>
            </line>
            <line>
              <![CDATA[[ Reported ] INFO	09/03/2017 06:04:49 :------ Summary Page ------ ]]>
            </line>
            <line>
              <![CDATA[[ Reported ] PASS	Switched to Default Content]]>
            </line>
            <line>
              <![CDATA[[ Reported ] PASS	Caller Name - (Account Holder) is found]]>
            </line>
            <line>
              <![CDATA[[ Reported ] PASS	ID&V Status - VERIFIED is found]]>
            </line>
            <line>
              <![CDATA[[ Reported ] PASS	Switched to Frame: Search]]>
            </line>
            <line>
              <![CDATA[[ Reported ] PASS	Add Case button is found]]>
            </line>
            <line>
              <![CDATA[[ Reported ] PASS	Hovered over Add Case button]]>
            </line>
            <line>
              <![CDATA[[ Reported ] PASS	Case Category - TalkSafe is found and Clicked]]>
            </line>
            <line>
              <![CDATA[[ Reported ] INFO	09/03/2017 06:05:03 :------ Add Case Panel ------ ]]>
            </line>
            <line>
              <![CDATA[[ Reported ] INFO	09/03/2017 06:05:03 :------ Add case  ------ ]]>
            </line>
            <line>
              <![CDATA[[ Reported ] PASS	Add cases is found and Clicked]]>
            </line>
            <line>
              <![CDATA[[ Reported ] PASS	Switched to Default Content]]>
            </line>
            <line>
              <![CDATA[[ Reported ] PASS	Switched to Frame: Create]]>
            </line>
            <line>
              <![CDATA[[ Reported ] PASS	TalkSafe page got loaded successfully]]>
            </line>
            <line>
              <![CDATA[[ Reported ] FAIL	09/03/2017 06:05:18 :AccountType is not found]]>
            </line>
            <line>
              <![CDATA[[ Reported ] FAIL	09/03/2017 06:05:18 :Enrollment Options Updated for different Account Type Account Holder]]>
            </line>
            <line>
              <![CDATA[[ Reported ] PASS	Enrollment Option : Enroll is found]]>
            </line>
            <line>
              <![CDATA[[ Reported ] PASS	Enrollment Option : Not Now is found]]>
            </line>
            <line>
              <![CDATA[[ Reported ] PASS	Enrollment Option : Not Now is found and Clicked]]>
            </line>
            <line>
              <![CDATA[[ Reported ] PASS	Enrollment Option : Never is found]]>
            </line>
            <line>
              <![CDATA[[ Reported ] PASS	Enrollment Option : Never is found and Clicked]]>
            </line>
            <line>
              <![CDATA[[ Reported ] FAIL	Submit Enrollment Option link is not found]]>
            </line>
          </reporter-output>
        </test-method> <!-- MyDesk_C1_020_Method -->
        <test-method status="PASS" signature="clearRuntimeData(org.testng.ITestResult)[pri:0, instance:com.TestSuite.Customer180.MyDesk_C1_020@33bd0]" name="clearRuntimeData" is-config="true" duration-ms="979" started-at="2017-03-09T18:05:31Z" finished-at="2017-03-09T18:05:32Z">
          <params>
            <param index="0">
              <value>
                <![CDATA[[TestResult name=MyDesk_C1_020_Method status=SKIP method=MyDesk_C1_020.MyDesk_C1_020_Method(java.lang.String, java.lang.String)[pri:0, instance:com.TestSuite.Customer180.MyDesk_C1_020@33bd0] output=[ Reported ] PASS	MyDesk_C1_020 from Row number 15 -> Test Started]]]>
              </value>
            </param>
          </params>
          <reporter-output>
          </reporter-output>
        </test-method> <!-- clearRuntimeData -->
        <test-method status="PASS" signature="InitializeExtentReports()[pri:0, instance:com.TestSuite.Customer180.MyDesk_C1_020@33bd0]" name="InitializeExtentReports" is-config="true" duration-ms="14" started-at="2017-03-09T18:05:32Z" finished-at="2017-03-09T18:05:32Z">
          <reporter-output>
          </reporter-output>
        </test-method> <!-- InitializeExtentReports -->
        <test-method status="PASS" signature="setUp()[pri:0, instance:com.TestSuite.Customer180.MyDesk_C1_020@33bd0]" name="setUp" is-config="true" duration-ms="0" started-at="2017-03-09T18:05:32Z" finished-at="2017-03-09T18:05:32Z">
          <reporter-output>
          </reporter-output>
        </test-method> <!-- setUp -->
        <test-method status="SKIP" signature="MyDesk_C1_020_Method(java.lang.String, java.lang.String)[pri:0, instance:com.TestSuite.Customer180.MyDesk_C1_020@33bd0]" name="MyDesk_C1_020_Method" duration-ms="103043" started-at="2017-03-09T18:05:32Z" data-provider="MyDesk_C1_020" finished-at="2017-03-09T18:07:15Z">
          <params>
            <param index="0">
              <value>
                <![CDATA[MyDesk_C1_020QWERTYTest Description:   

15)Verify agent is able to select Enrollment option as Not now under Talk safe and verify  interaction history is updated for Account holder]]>
              </value>
            </param>
            <param index="1">
              <value>
                <![CDATA[15]]>
              </value>
            </param>
          </params>
          <exception class="java.lang.AssertionError">
            <message>
              <![CDATA[null script failed, Submit Enrollment Option - null.jpg for more details.]]>
            </message>
            <full-stacktrace>
              <![CDATA[java.lang.AssertionError: null script failed, Submit Enrollment Option - null.jpg for more details.
	at org.testng.Assert.fail(Assert.java:94)
	at com.Engine.Reporter.exception(Reporter.java:107)
	at com.WebActions.WebActions.VerifyElementPresentAndClick(WebActions.java:904)
	at com.BusinessModules.MyDesk.Cases_Page.Talksafe_EnrollmentOption_Submit(Cases_Page.java:1682)
	at com.TestSuite.Customer180.MyDesk_C1_020.MyDesk_C1_020_Method(MyDesk_C1_020.java:145)
	at sun.reflect.NativeMethodAccessorImpl.invoke0(Native Method)
	at sun.reflect.NativeMethodAccessorImpl.invoke(Unknown Source)
	at sun.reflect.DelegatingMethodAccessorImpl.invoke(Unknown Source)
	at java.lang.reflect.Method.invoke(Unknown Source)
	at org.testng.internal.MethodInvocationHelper.invokeMethod(MethodInvocationHelper.java:85)
	at org.testng.internal.Invoker.invokeMethod(Invoker.java:639)
	at org.testng.internal.Invoker.retryFailed(Invoker.java:963)
	at org.testng.internal.Invoker.invokeTestMethods(Invoker.java:1142)
	at org.testng.internal.TestMethodWorker.invokeTestMethods(TestMethodWorker.java:125)
	at org.testng.internal.TestMethodWorker.run(TestMethodWorker.java:108)
	at java.util.concurrent.ThreadPoolExecutor.runWorker(Unknown Source)
	at java.util.concurrent.ThreadPoolExecutor$Worker.run(Unknown Source)
	at java.lang.Thread.run(Unknown Source)
]]>
            </full-stacktrace>
          </exception> <!-- java.lang.AssertionError -->
          <reporter-output>
            <line>
              <![CDATA[[ Reported ] PASS	MyDesk_C1_020 from Row number 15 -> Test Started]]>
            </line>
            <line>
              <![CDATA[[ Reported ] INFO	Test Description:   

15)Verify agent is able to select Enrollment option as Not now under Talk safe and verifyÂ  interaction history is updated for Account holder]]>
            </line>
            <line>
              <![CDATA[[ Reported ] INFO	Test Case Running on Desktop Mode:]]>
            </line>
            <line>
              <![CDATA[[ Reported ] PASS	UserIdentifier text box is found and raja.rajan is entered]]>
            </line>
            <line>
              <![CDATA[[ Reported ] PASS	Password text box is found and welcome is entered]]>
            </line>
            <line>
              <![CDATA[[ Reported ] PASS	Log In is found and Clicked]]>
            </line>
            <line>
              <![CDATA[[ Reported ] PASS	http://10.180.37.104:9080/prweb/PRServlet/27Ne4jELjBKiMg19rDy62w%5B%5B*/!STANDARD?pzPostData=-321810576 has been navigated]]>
            </line>
            <line>
              <![CDATA[[ Reported ] PASS	Switched to new window]]>
            </line>
            <line>
              <![CDATA[[ Reported ] INFO	09/03/2017 06:06:08 :------ Home Page ------ ]]>
            </line>
            <line>
              <![CDATA[[ Reported ] PASS	New Interaction Button is found and Clicked]]>
            </line>
            <line>
              <![CDATA[[ Reported ] PASS	Switched to Frame: Search]]>
            </line>
            <line>
              <![CDATA[[ Reported ] INFO	09/03/2017 06:06:13 :------ Identify Customer Page ------ ]]>
            </line>
            <line>
              <![CDATA[[ Reported ] PASS	PhoneNumber Search Button is found and Clicked]]>
            </line>
            <line>
              <![CDATA[[ Reported ] PASS	PhoneNumber TextBox text box is found and 01416479209 is entered]]>
            </line>
            <line>
              <![CDATA[[ Reported ] PASS	Search Button is found and Clicked]]>
            </line>
            <line>
              <![CDATA[[ Reported ] INFO	09/03/2017 06:06:25 :------ Verify Caller Page ------ ]]>
            </line>
            <line>
              <![CDATA[[ Reported ] PASS	ID&V Status - IDENTIFIED is found]]>
            </line>
            <line>
              <![CDATA[[ Reported ] PASS	Additional Question 1 been Checked is found and Clicked]]>
            </line>
            <line>
              <![CDATA[[ Reported ] PASS	Additional Question 2 been Checked is found and Clicked]]>
            </line>
            <line>
              <![CDATA[[ Reported ] INFO	09/03/2017 06:06:30 :------ After Additional Question been checked ------ ]]>
            </line>
            <line>
              <![CDATA[[ Reported ] INFO	09/03/2017 06:06:31 :------ Before Submission ------ ]]>
            </line>
            <line>
              <![CDATA[[ Reported ] PASS	Submit Button is found and Clicked]]>
            </line>
            <line>
              <![CDATA[[ Reported ] INFO	09/03/2017 06:06:36 :------ Summary Page ------ ]]>
            </line>
            <line>
[...]
	at com.Engine.Reporter.exception(Reporter.java:107)
	at com.WebActions.WebActions.VerifyElementPresentAndClearType(WebActions.java:405)
	at com.BusinessModules.MyDesk.Common_Functions.enter_Exit_interaction_Comments(Common_Functions.java:373)
	at com.TestSuite.Customer180.MyDesk_C1_021.MyDesk_C1_021_Method(MyDesk_C1_021.java:150)
	at sun.reflect.NativeMethodAccessorImpl.invoke0(Native Method)
	at sun.reflect.NativeMethodAccessorImpl.invoke(Unknown Source)
	at sun.reflect.DelegatingMethodAccessorImpl.invoke(Unknown Source)
	at java.lang.reflect.Method.invoke(Unknown Source)
	at org.testng.internal.MethodInvocationHelper.invokeMethod(MethodInvocationHelper.java:85)
	at org.testng.internal.Invoker.invokeMethod(Invoker.java:639)
	at org.testng.internal.Invoker.retryFailed(Invoker.java:963)
	at org.testng.internal.Invoker.invokeTestMethods(Invoker.java:1142)
	at org.testng.internal.TestMethodWorker.invokeTestMethods(TestMethodWorker.java:125)
	at org.testng.internal.TestMethodWorker.run(TestMethodWorker.java:108)
	at java.util.concurrent.ThreadPoolExecutor.runWorker(Unknown Source)
	at java.util.concurrent.ThreadPoolExecutor$Worker.run(Unknown Source)
	at java.lang.Thread.run(Unknown Source)
]]>
            </full-stacktrace>
          </exception> <!-- java.lang.AssertionError -->
          <reporter-output>
            <line>
              <![CDATA[[ Reported ] PASS	MyDesk_C1_021 from Row number 16 -> Test Started]]>
            </line>
            <line>
              <![CDATA[[ Reported ] INFO	Test Description:   

16)Verify the warning message is displayed when enrollment option is opted as Never up on customers next login and interaction history is updated for AccountÂ  Holder]]>
            </line>
            <line>
              <![CDATA[[ Reported ] INFO	Test Case Running on Desktop Mode:]]>
            </line>
            <line>
              <![CDATA[[ Reported ] PASS	UserIdentifier text box is found and raja.rajan is entered]]>
            </line>
            <line>
              <![CDATA[[ Reported ] PASS	Password text box is found and welcome is entered]]>
            </line>
            <line>
              <![CDATA[[ Reported ] PASS	Log In is found and Clicked]]>
            </line>
            <line>
              <![CDATA[[ Reported ] PASS	http://10.180.37.104:9080/prweb/PRServlet/27Ne4jELjBKiMg19rDy62w%5B%5B*/!STANDARD?pzPostData=-243509814 has been navigated]]>
            </line>
            <line>
              <![CDATA[[ Reported ] PASS	Switched to new window]]>
            </line>
            <line>
              <![CDATA[[ Reported ] INFO	09/03/2017 06:12:05 :------ Home Page ------ ]]>
            </line>
            <line>
              <![CDATA[[ Reported ] PASS	New Interaction Button is found and Clicked]]>
            </line>
            <line>
              <![CDATA[[ Reported ] PASS	Switched to Frame: Search]]>
            </line>
            <line>
              <![CDATA[[ Reported ] INFO	09/03/2017 06:12:09 :------ Identify Customer Page ------ ]]>
            </line>
            <line>
              <![CDATA[[ Reported ] PASS	PhoneNumber Search Button is found and Clicked]]>
            </line>
            <line>
              <![CDATA[[ Reported ] PASS	PhoneNumber TextBox text box is found and 01753864935 is entered]]>
            </line>
            <line>
              <![CDATA[[ Reported ] PASS	Search Button is found and Clicked]]>
            </line>
            <line>
              <![CDATA[[ Reported ] INFO	09/03/2017 06:12:21 :------ Verify Caller Page ------ ]]>
            </line>
            <line>
              <![CDATA[[ Reported ] PASS	ID&V Status - IDENTIFIED is found]]>
            </line>
            <line>
              <![CDATA[[ Reported ] PASS	Additional Question 1 been Checked is found and Clicked]]>
            </line>
            <line>
              <![CDATA[[ Reported ] PASS	Additional Question 2 been Checked is found and Clicked]]>
            </line>
            <line>
              <![CDATA[[ Reported ] PASS	Additional Question 3 been Checked is found and Clicked]]>
            </line>
            <line>
              <![CDATA[[ Reported ] INFO	09/03/2017 06:12:29 :------ After Additional Question been checked ------ ]]>
            </line>
            <line>
              <![CDATA[[ Reported ] INFO	09/03/2017 06:12:29 :------ Before Submission ------ ]]>
            </line>
            <line>
              <![CDATA[[ Reported ] PASS	Submit Button is found and Clicked]]>
            </line>
            <line>
              <![CDATA[[ Reported ] INFO	09/03/2017 06:12:37 :------ Summary Page ------ ]]>
            </line>
            <line>
              <![CDATA[[ Reported ] PASS	Switched to Default Content]]>
            </line>
            <line>
              <![CDATA[[ Reported ] PASS	Caller Name - (Account Holder) is found]]>
            </line>
            <line>
              <![CDATA[[ Reported ] PASS	ID&V Status - VERIFIED is found]]>
            </line>
            <line>
              <![CDATA[[ Reported ] PASS	Switched to Frame: Search]]>
            </line>
            <line>
              <![CDATA[[ Reported ] PASS	Add Case button is found]]>
            </line>
            <line>
              <![CDATA[[ Reported ] PASS	Hovered over Add Case button]]>
            </line>
            <line>
              <![CDATA[[ Reported ] PASS	Add Case button is found]]>
            </line>
            <line>
              <![CDATA[[ Reported ] PASS	Hovered over Add Case button]]>
            </line>
            <line>
              <![CDATA[[ Reported ] PASS	Case Category - TalkSafe is found and Clicked]]>
            </line>
            <line>
              <![CDATA[[ Reported ] INFO	09/03/2017 06:13:04 :------ Add Case Panel ------ ]]>
            </line>
            <line>
              <![CDATA[[ Reported ] INFO	09/03/2017 06:13:04 :------ Add case  ------ ]]>
            </line>
            <line>
              <![CDATA[[ Reported ] PASS	Add cases is found and Clicked]]>
            </line>
            <line>
              <![CDATA[[ Reported ] PASS	Switched to Default Content]]>
            </line>
            <line>
              <![CDATA[[ Reported ] PASS	Switched to Frame: Create]]>
            </line>
            <line>
              <![CDATA[[ Reported ] PASS	TalkSafe page got loaded successfully]]>
            </line>
            <line>
              <![CDATA[[ Reported ] FAIL	09/03/2017 06:13:18 :AccountType is not found]]>
            </line>
            <line>
              <![CDATA[[ Reported ] FAIL	09/03/2017 06:13:19 :Enrollment Options Updated for different Account Type Account Holder]]>
            </line>
            <line>
              <![CDATA[[ Reported ] PASS	Enrollment Option : Enroll is found]]>
            </line>
            <line>
              <![CDATA[[ Reported ] PASS	Enrollment Option : Not Now is found]]>
            </line>
            <line>
              <![CDATA[[ Reported ] PASS	Enrollment Option : Not Now is found and Clicked]]>
            </line>
            <line>
              <![CDATA[[ Reported ] PASS	Enrollment Option : Never is found]]>
            </line>
            <line>
              <![CDATA[[ Reported ] PASS	Enrollment Option : Never is found and Clicked]]>
            </line>
            <line>
              <![CDATA[[ Reported ] FAIL	09/03/2017 06:13:29 :Warning Msg for Enrollment Option : Never is not found]]>
            </line>
            <line>
              <![CDATA[[ Reported ] INFO	09/03/2017 06:13:30 :------ Before Submission ------ ]]>
            </line>
            <line>
              <![CDATA[[ Reported ] PASS	Submit Button is found and Clicked]]>
            </line>
            <line>
              <![CDATA[[ Reported ] PASS	Interaction history with Never for CLI 01753864935]]>
            </line>
            <line>
              <![CDATA[[ Reported ] FAIL	Exit_Interation_Comments link is not found]]>
            </line>
          </reporter-output>
        </test-method> <!-- MyDesk_C1_021_Method -->
        <test-method status="PASS" signature="setUp()[pri:0, instance:com.TestSuite.Customer180.MyDesk_C1_021@1fd17e3]" name="setUp" is-config="true" duration-ms="0" started-at="2017-03-09T18:11:28Z" finished-at="2017-03-09T18:11:28Z">
          <reporter-output>
          </reporter-output>
        </test-method> <!-- setUp -->
        <test-method status="PASS" signature="clearRuntimeData(org.testng.ITestResult)[pri:0, instance:com.TestSuite.Customer180.MyDesk_C1_021@1fd17e3]" name="clearRuntimeData" is-config="true" duration-ms="1165" started-at="2017-03-09T18:14:17Z" finished-at="2017-03-09T18:14:18Z">
          <params>
            <param index="0">
              <value>
                <![CDATA[[TestResult name=MyDesk_C1_021_Method status=SKIP method=MyDesk_C1_021.MyDesk_C1_021_Method(java.lang.String, java.lang.String)[pri:0, instance:com.TestSuite.Customer180.MyDesk_C1_021@1fd17e3] output=[ Reported ] PASS	MyDesk_C1_021 from Row number 16 -> Test Started]]]>
              </value>
            </param>
          </params>
          <reporter-output>
          </reporter-output>
        </test-method> <!-- clearRuntimeData -->
        <test-method status="PASS" signature="InitializeExtentReports()[pri:0, instance:com.TestSuite.Customer180.MyDesk_C1_021@1fd17e3]" name="InitializeExtentReports" is-config="true" duration-ms="58" started-at="2017-03-09T18:14:18Z" finished-at="2017-03-09T18:14:18Z">
          <reporter-output>
          </reporter-output>
        </test-method> <!-- InitializeExtentReports -->
        <test-method status="PASS" signature="setUp()[pri:0, instance:com.TestSuite.Customer180.MyDesk_C1_021@1fd17e3]" name="setUp" is-config="true" duration-ms="1" started-at="2017-03-09T18:14:18Z" finished-at="2017-03-09T18:14:18Z">
          <reporter-output>
          </reporter-output>
        </test-method> <!-- setUp -->
        <test-method status="FAIL" signature="MyDesk_C1_021_Method(java.lang.String, java.lang.String)[pri:0, instance:com.TestSuite.Customer180.MyDesk_C1_021@1fd17e3]" name="MyDesk_C1_021_Method" duration-ms="149365" started-at="2017-03-09T18:14:18Z" data-provider="MyDesk_C1_021" finished-at="2017-03-09T18:16:48Z">
          <params>
            <param index="0">
              <value>
                <![CDATA[MyDesk_C1_021QWERTYTest Description:   

16)Verify the warning message is displayed when enrollment option is opted as Never up on customers next login and interaction history is updated for Account  Holder]]>
              </value>
            </param>
            <param index="1">
              <value>
                <![CDATA[16]]>
              </value>
            </param>
          </params>
          <exception class="java.lang.AssertionError">
            <message>
              <![CDATA[null script failed, Exit_Interation_Comments - null.jpg for more details.]]>
            </message>
            <full-stacktrace>
              <![CDATA[java.lang.AssertionError: null script failed, Exit_Interation_Comments - null.jpg for more details.
	at org.testng.Assert.fail(Assert.java:94)
	at com.Engine.Reporter.exception(Reporter.java:107)
	at com.WebActions.WebActions.VerifyElementPresentAndClearType(WebActions.java:405)
	at com.BusinessModules.MyDesk.Common_Functions.enter_Exit_interaction_Comments(Common_Functions.java:373)
	at com.TestSuite.Customer180.MyDesk_C1_021.MyDesk_C1_021_Method(MyDesk_C1_021.java:150)
	at sun.reflect.NativeMethodAccessorImpl.invoke0(Native Method)
	at sun.reflect.NativeMethodAccessorImpl.invoke(Unknown Source)
	at sun.reflect.DelegatingMethodAccessorImpl.invoke(Unknown Source)
	at java.lang.reflect.Method.invoke(Unknown Source)
	at org.testng.internal.MethodInvocationHelper.invokeMethod(MethodInvocationHelper.java:85)
	at org.testng.internal.Invoker.invokeMethod(Invoker.java:639)
	at org.testng.internal.Invoker.retryFailed(Invoker.java:963)
	at org.testng.internal.Invoker.invokeTestMethods(Invoker.java:1142)
	at org.testng.internal.TestMethodWorker.invokeTestMethods(TestMethodWorker.java:125)
	at org.testng.internal.TestMethodWorker.run(TestMethodWorker.java:108)
	at java.util.concurrent.ThreadPoolExecutor.runWorker(Unknown Source)
	at java.util.concurrent.ThreadPoolExecutor$Worker.run(Unknown Source)
	at java.lang.Thread.run(Unknown Source)
]]>
            </full-stacktrace>
          </exception> <!-- java.lang.AssertionError -->
          <reporter-output>
            <line>
              <![CDATA[[ Reported ] PASS	MyDesk_C1_021 from Row number 16 -> Test Started]]>
            </line>
            <line>
              <![CDATA[[ Reported ] INFO	Test Description:   

16)Verify the warning message is displayed when enrollment option is opted as Never up on customers next login and interaction history is updated for AccountÂ  Holder]]>
            </line>
            <line>
              <![CDATA[[ Reported ] INFO	Test Case Running on Desktop Mode:]]>
            </line>
            <line>
              <![CDATA[[ Reported ] PASS	UserIdentifier text box is found and raja.rajan is entered]]>
            </line>
            <line>
              <![CDATA[[ Reported ] PASS	Password text box is found and welcome is entered]]>
            </line>
            <line>
              <![CDATA[[ Reported ] PASS	Log In is found and Clicked]]>
            </line>
            <line>
              <![CDATA[[ Reported ] PASS	http://10.180.37.104:9080/prweb/PRServlet/27Ne4jELjBKiMg19rDy62w%5B%5B*/!STANDARD?pzPostData=-1261858165 has been navigated]]>
            </line>
            <line>
              <![CDATA[[ Reported ] PASS	Switched to new window]]>
            </line>
            <line>
              <![CDATA[[ Reported ] INFO	09/03/2017 06:14:50 :------ Home Page ------ ]]>
            </line>
            <line>
              <![CDATA[[ Reported ] PASS	New Interaction Button is found and Clicked]]>
            </line>
            <line>
              <![CDATA[[ Reported ] PASS	Switched to Frame: Search]]>
            </line>
            <line>
              <![CDATA[[ Reported ] INFO	09/03/2017 06:14:55 :------ Identify Customer Page ------ ]]>
            </line>
            <line>
              <![CDATA[[ Reported ] PASS	PhoneNumber Search Button is found and Clicked]]>
            </line>
            <line>
              <![CDATA[[ Reported ] PASS	PhoneNumber TextBox text box is found and 01416479209 is entered]]>
            </line>
            <line>
              <![CDATA[[ Reported ] PASS	Search Button is found and Clicked]]>
            </line>
            <line>
              <![CDATA[[ Reported ] INFO	09/03/2017 06:15:07 :------ Verify Caller Page ------ ]]>
            </line>
            <line>
              <![CDATA[[ Reported ] PASS	ID&V Status - IDENTIFIED is found]]>
            </line>
            <line>
              <![CDATA[[ Reported ] PASS	Additional Question 1 been Checked is found and Clicked]]>
            </line>
            <line>
              <![CDATA[[ Reported ] PASS	Additional Question 2 been Checked is found and Clicked]]>
            </line>
            <line>
              <![CDATA[[ Reported ] INFO	09/03/2017 06:15:13 :------ After Additional Question been checked ------ ]]>
            </line>
            <line>
              <![CDATA[[ Reported ] INFO	09/03/2017 06:15:13 :------ Before Submission ------ ]]>
            </line>
            <line>
              <![CDATA[[ Reported ] PASS	Submit Button is found and Clicked]]>
            </line>
            <line>
              <![CDATA[[ Reported ] INFO	09/03/2017 06:15:22 :------ Summary Page ------ ]]>
            </line>
            <line>
              <![CDATA[[ Reported ] PASS	Switched to Default Content]]>
            </line>
            <line>
              <![CDATA[[ Reported ] PASS	Caller Name - (Account Holder) is found]]>
            </line>
            <line>
              <![CDATA[[ Reported ] PASS	ID&V Status - VERIFIED is found]]>
            </line>
            <line>
              <![CDATA[[ Reported ] PASS	Switched to Frame: Search]]>
            </line>
            <line>
              <![CDATA[[ Reported ] PASS	Add Case button is found]]>
            </line>
            <line>
              <![CDATA[[ Reported ] PASS	Hovered over Add Case button]]>
            </line>
            <line>
              <![CDATA[[ Reported ] PASS	Case Category - TalkSafe is found and Clicked]]>
            </line>
            <line>
              <![CDATA[[ Reported ] INFO	09/03/2017 06:15:35 :------ Add Case Panel ------ ]]>
            </line>
            <line>
              <![CDATA[[ Reported ] INFO	09/03/2017 06:15:36 :------ Add case  ------ ]]>
            </line>
            <line>
              <![CDATA[[ Reported ] PASS	Add cases is found and Clicked]]>
            </line>
            <line>
              <![CDATA[[ Reported ] PASS	Switched to Default Content]]>
            </line>
            <line>
              <![CDATA[[ Reported ] PASS	Switched to Frame: Create]]>
            </line>
            <line>
              <![CDATA[[ Reported ] PASS	TalkSafe page got loaded successfully]]>
            </line>
            <line>
              <![CDATA[[ Reported ] FAIL	09/03/2017 06:15:49 :AccountType is not found]]>
            </line>
            <line>
              <![CDATA[[ Reported ] FAIL	09/03/2017 06:15:50 :Enrollment Options Updated for different Account Type Account Holder]]>
            </line>
            <line>
              <![CDATA[[ Reported ] PASS	Enrollment Option : Enroll is found]]>
            </line>
            <line>
              <![CDATA[[ Reported ] PASS	Enrollment Option : Not Now is found]]>
            </line>
            <line>
              <![CDATA[[ Reported ] PASS	Enrollment Option : Not Now is found and Clicked]]>
            </line>
            <line>
              <![CDATA[[ Reported ] PASS	Enrollment Option : Never is found]]>
            </line>
            <line>
              <![CDATA[[ Reported ] PASS	Enrollment Option : Never is found and Clicked]]>
            </line>
            <line>
              <![CDATA[[ Reported ] FAIL	09/03/2017 06:16:03 :Warning Msg for Enrollment Option : Never is not found]]>
            </line>
            <line>
              <![CDATA[[ Reported ] INFO	09/03/2017 06:16:05 :------ Before Submission ------ ]]>
            </line>
            <line>
              <![CDATA[[ Reported ] PASS	Submit Button is found and Clicked]]>
            </line>
            <line>
              <![CDATA[[ Reported ] PASS	Interaction history with Never for CLI 01416479209]]>
            </line>
            <line>
              <![CDATA[[ Reported ] FAIL	Exit_Interation_Comments link is not found]]>
            </line>
          </reporter-output>
        </test-method> <!-- MyDesk_C1_021_Method -->
        <test-method status="PASS" signature="clearRuntimeData(org.testng.ITestResult)[pri:0, instance:com.TestSuite.Customer180.MyDesk_C1_021@1fd17e3]" name="clearRuntimeData" is-config="true" duration-ms="1064" started-at="2017-03-09T18:16:48Z" finished-at="2017-03-09T18:16:49Z">
          <params>
            <param index="0">
              <value>
                <![CDATA[[TestResult name=MyDesk_C1_021_Method status=FAILURE method=MyDesk_C1_021.MyDesk_C1_021_Method(java.lang.String, java.lang.String)[pri:0, instance:com.TestSuite.Customer180.MyDesk_C1_021@1fd17e3] output=[ Reported ] PASS	MyDesk_C1_021 from Row number 16 -> Test Started]]]>
              </value>
            </param>
          </params>
          <reporter-output>
            <line>
              <![CDATA[[ Reported ] FAIL	Test Failed]]>
            </line>
          </reporter-output>
        </test-method> <!-- clearRuntimeData -->
      </class> <!-- com.TestSuite.Customer180.MyDesk_C1_021 -->
    </test> <!-- AUTOMATION -->
  </suite> <!-- AUTOMATION Suite -->
</testng-results>
